2018-04-09 16:18:24.622 [main] INFO  com.example.wx.MicroWxServerApplication - Starting MicroWxServerApplication on gaochunmei-PC with PID 11924 (E:\06MyWork\2018\micro-wx-server\target\classes started by Administrator in E:\06MyWork\2018\micro-wx-server)
2018-04-09 16:18:24.623 [main] DEBUG com.example.wx.MicroWxServerApplication - Running with Spring Boot v2.0.1.RELEASE, Spring v5.0.5.RELEASE
2018-04-09 16:18:24.624 [main] INFO  com.example.wx.MicroWxServerApplication - The following profiles are active: test
2018-04-09 16:18:26.093 [main] INFO  com.example.wx.MicroWxServerApplication - Started MicroWxServerApplication in 2.508 seconds (JVM running for 4.086)
2018-04-09 16:22:09.076 [main] INFO  com.example.wx.MicroWxServerApplication - The following profiles are active: test
2018-04-09 16:22:10.414 [main] DEBUG o.m.s.boot.autoconfigure.MybatisAutoConfiguration - Searching for mappers annotated with @Mapper
2018-04-09 16:22:10.418 [main] DEBUG o.m.s.boot.autoconfigure.MybatisAutoConfiguration - Using auto-configuration base package 'com.example.wx'
2018-04-09 16:22:10.422 [main] TRACE org.mybatis.spring.mapper.ClassPathMapperScanner - Scanning file [E:\06MyWork\2018\micro-wx-server\target\classes\com\example\wx\MicroWxServerApplication.class]
2018-04-09 16:22:10.423 [main] TRACE org.mybatis.spring.mapper.ClassPathMapperScanner - Ignored because not matching any filter: file [E:\06MyWork\2018\micro-wx-server\target\classes\com\example\wx\MicroWxServerApplication.class]
2018-04-09 16:22:10.423 [main] WARN  org.mybatis.spring.mapper.ClassPathMapperScanner - No MyBatis mapper was found in '[com.example.wx]' package. Please check your configuration.
2018-04-09 16:22:15.471 [main] DEBUG o.m.s.boot.autoconfigure.MybatisAutoConfiguration - No org.mybatis.spring.mapper.MapperFactoryBean found.
2018-04-09 16:22:15.642 [main] DEBUG org.mybatis.spring.SqlSessionFactoryBean - Scanned package: 'com.example.wx.model.*' for aliases
2018-04-09 16:22:15.645 [main] DEBUG org.mybatis.spring.SqlSessionFactoryBean - Property 'mapperLocations' was not specified or no matching resources found
2018-04-09 16:22:17.503 [main] INFO  com.example.wx.MicroWxServerApplication - Started MicroWxServerApplication in 11.756 seconds (JVM running for 13.552)
2018-04-09 16:22:46.965 [main] INFO  com.example.wx.MicroWxServerApplication - The following profiles are active: test
2018-04-09 16:22:48.225 [main] DEBUG o.m.s.boot.autoconfigure.MybatisAutoConfiguration - Searching for mappers annotated with @Mapper
2018-04-09 16:22:48.232 [main] DEBUG o.m.s.boot.autoconfigure.MybatisAutoConfiguration - Using auto-configuration base package 'com.example.wx'
2018-04-09 16:22:48.246 [main] TRACE org.mybatis.spring.mapper.ClassPathMapperScanner - Scanning file [E:\06MyWork\2018\micro-wx-server\target\classes\com\example\wx\common\Convert.class]
2018-04-09 16:22:48.247 [main] TRACE org.mybatis.spring.mapper.ClassPathMapperScanner - Ignored because not matching any filter: file [E:\06MyWork\2018\micro-wx-server\target\classes\com\example\wx\common\Convert.class]
2018-04-09 16:22:48.247 [main] TRACE org.mybatis.spring.mapper.ClassPathMapperScanner - Scanning file [E:\06MyWork\2018\micro-wx-server\target\classes\com\example\wx\common\RequstMethod.class]
2018-04-09 16:22:48.248 [main] TRACE org.mybatis.spring.mapper.ClassPathMapperScanner - Ignored because not matching any filter: file [E:\06MyWork\2018\micro-wx-server\target\classes\com\example\wx\common\RequstMethod.class]
2018-04-09 16:22:48.248 [main] TRACE org.mybatis.spring.mapper.ClassPathMapperScanner - Scanning file [E:\06MyWork\2018\micro-wx-server\target\classes\com\example\wx\MicroWxServerApplication.class]
2018-04-09 16:22:48.250 [main] TRACE org.mybatis.spring.mapper.ClassPathMapperScanner - Ignored because not matching any filter: file [E:\06MyWork\2018\micro-wx-server\target\classes\com\example\wx\MicroWxServerApplication.class]
2018-04-09 16:22:48.251 [main] WARN  org.mybatis.spring.mapper.ClassPathMapperScanner - No MyBatis mapper was found in '[com.example.wx]' package. Please check your configuration.
2018-04-09 16:22:53.375 [main] DEBUG o.m.s.boot.autoconfigure.MybatisAutoConfiguration - No org.mybatis.spring.mapper.MapperFactoryBean found.
2018-04-09 16:22:53.543 [main] DEBUG org.mybatis.spring.SqlSessionFactoryBean - Scanned package: 'com.example.wx.model.*' for aliases
2018-04-09 16:22:53.546 [main] DEBUG org.mybatis.spring.SqlSessionFactoryBean - Property 'mapperLocations' was not specified or no matching resources found
2018-04-09 16:22:55.298 [main] INFO  com.example.wx.MicroWxServerApplication - Started MicroWxServerApplication in 11.765 seconds (JVM running for 13.211)
2018-04-09 16:23:21.780 [main] INFO  com.example.wx.MicroWxServerApplication - The following profiles are active: test
2018-04-09 16:23:23.479 [main] WARN  org.mybatis.spring.mapper.ClassPathMapperScanner - No MyBatis mapper was found in '[com.example.wx.dao]' package. Please check your configuration.
2018-04-09 16:23:23.836 [main] DEBUG o.m.s.boot.autoconfigure.MybatisAutoConfiguration - Searching for mappers annotated with @Mapper
2018-04-09 16:23:23.840 [main] DEBUG o.m.s.boot.autoconfigure.MybatisAutoConfiguration - Using auto-configuration base package 'com.example.wx'
2018-04-09 16:23:23.847 [main] TRACE org.mybatis.spring.mapper.ClassPathMapperScanner - Scanning file [E:\06MyWork\2018\micro-wx-server\target\classes\com\example\wx\common\Convert.class]
2018-04-09 16:23:23.848 [main] TRACE org.mybatis.spring.mapper.ClassPathMapperScanner - Ignored because not matching any filter: file [E:\06MyWork\2018\micro-wx-server\target\classes\com\example\wx\common\Convert.class]
2018-04-09 16:23:23.849 [main] TRACE org.mybatis.spring.mapper.ClassPathMapperScanner - Scanning file [E:\06MyWork\2018\micro-wx-server\target\classes\com\example\wx\common\RequstMethod.class]
2018-04-09 16:23:23.853 [main] TRACE org.mybatis.spring.mapper.ClassPathMapperScanner - Ignored because not matching any filter: file [E:\06MyWork\2018\micro-wx-server\target\classes\com\example\wx\common\RequstMethod.class]
2018-04-09 16:23:23.853 [main] TRACE org.mybatis.spring.mapper.ClassPathMapperScanner - Scanning file [E:\06MyWork\2018\micro-wx-server\target\classes\com\example\wx\config\datasource\DBModel.class]
2018-04-09 16:23:23.853 [main] TRACE org.mybatis.spring.mapper.ClassPathMapperScanner - Ignored because not matching any filter: file [E:\06MyWork\2018\micro-wx-server\target\classes\com\example\wx\config\datasource\DBModel.class]
2018-04-09 16:23:23.853 [main] TRACE org.mybatis.spring.mapper.ClassPathMapperScanner - Scanning file [E:\06MyWork\2018\micro-wx-server\target\classes\com\example\wx\config\datasource\DynamicDataSource.class]
2018-04-09 16:23:23.855 [main] TRACE org.mybatis.spring.mapper.ClassPathMapperScanner - Ignored because not matching any filter: file [E:\06MyWork\2018\micro-wx-server\target\classes\com\example\wx\config\datasource\DynamicDataSource.class]
2018-04-09 16:23:23.855 [main] TRACE org.mybatis.spring.mapper.ClassPathMapperScanner - Scanning file [E:\06MyWork\2018\micro-wx-server\target\classes\com\example\wx\config\datasource\DynamicDataSourceAspect.class]
2018-04-09 16:23:23.856 [main] TRACE org.mybatis.spring.mapper.ClassPathMapperScanner - Ignored because not matching any filter: file [E:\06MyWork\2018\micro-wx-server\target\classes\com\example\wx\config\datasource\DynamicDataSourceAspect.class]
2018-04-09 16:23:23.856 [main] TRACE org.mybatis.spring.mapper.ClassPathMapperScanner - Scanning file [E:\06MyWork\2018\micro-wx-server\target\classes\com\example\wx\config\datasource\DynamicDataSourceContextHolder.class]
2018-04-09 16:23:23.856 [main] TRACE org.mybatis.spring.mapper.ClassPathMapperScanner - Ignored because not matching any filter: file [E:\06MyWork\2018\micro-wx-server\target\classes\com\example\wx\config\datasource\DynamicDataSourceContextHolder.class]
2018-04-09 16:23:23.856 [main] TRACE org.mybatis.spring.mapper.ClassPathMapperScanner - Scanning file [E:\06MyWork\2018\micro-wx-server\target\classes\com\example\wx\config\datasource\DynamicDataSourceRegister.class]
2018-04-09 16:23:23.857 [main] TRACE org.mybatis.spring.mapper.ClassPathMapperScanner - Ignored because not matching any filter: file [E:\06MyWork\2018\micro-wx-server\target\classes\com\example\wx\config\datasource\DynamicDataSourceRegister.class]
2018-04-09 16:23:23.857 [main] TRACE org.mybatis.spring.mapper.ClassPathMapperScanner - Scanning file [E:\06MyWork\2018\micro-wx-server\target\classes\com\example\wx\config\datasource\TargetDataSource.class]
2018-04-09 16:23:23.858 [main] TRACE org.mybatis.spring.mapper.ClassPathMapperScanner - Ignored because not matching any filter: file [E:\06MyWork\2018\micro-wx-server\target\classes\com\example\wx\config\datasource\TargetDataSource.class]
2018-04-09 16:23:23.858 [main] TRACE org.mybatis.spring.mapper.ClassPathMapperScanner - Scanning file [E:\06MyWork\2018\micro-wx-server\target\classes\com\example\wx\config\MyBatisConfig.class]
2018-04-09 16:23:23.859 [main] TRACE org.mybatis.spring.mapper.ClassPathMapperScanner - Ignored because not matching any filter: file [E:\06MyWork\2018\micro-wx-server\target\classes\com\example\wx\config\MyBatisConfig.class]
2018-04-09 16:23:23.859 [main] TRACE org.mybatis.spring.mapper.ClassPathMapperScanner - Scanning file [E:\06MyWork\2018\micro-wx-server\target\classes\com\example\wx\config\MyBatisMapperScannerConfig.class]
2018-04-09 16:23:23.860 [main] TRACE org.mybatis.spring.mapper.ClassPathMapperScanner - Ignored because not matching any filter: file [E:\06MyWork\2018\micro-wx-server\target\classes\com\example\wx\config\MyBatisMapperScannerConfig.class]
2018-04-09 16:23:23.860 [main] TRACE org.mybatis.spring.mapper.ClassPathMapperScanner - Scanning file [E:\06MyWork\2018\micro-wx-server\target\classes\com\example\wx\config\swagger\SwaggerConfig.class]
2018-04-09 16:23:23.860 [main] TRACE org.mybatis.spring.mapper.ClassPathMapperScanner - Ignored because not matching any filter: file [E:\06MyWork\2018\micro-wx-server\target\classes\com\example\wx\config\swagger\SwaggerConfig.class]
2018-04-09 16:23:23.860 [main] TRACE org.mybatis.spring.mapper.ClassPathMapperScanner - Scanning file [E:\06MyWork\2018\micro-wx-server\target\classes\com\example\wx\MicroWxServerApplication.class]
2018-04-09 16:23:23.862 [main] TRACE org.mybatis.spring.mapper.ClassPathMapperScanner - Ignored because not matching any filter: file [E:\06MyWork\2018\micro-wx-server\target\classes\com\example\wx\MicroWxServerApplication.class]
2018-04-09 16:23:23.862 [main] WARN  org.mybatis.spring.mapper.ClassPathMapperScanner - No MyBatis mapper was found in '[com.example.wx]' package. Please check your configuration.
2018-04-09 16:23:24.187 [main] WARN  org.mybatis.spring.mapper.ClassPathMapperScanner - No MyBatis mapper was found in '[com.example.wx.mapper]' package. Please check your configuration.
2018-04-09 16:24:03.031 [main] INFO  com.example.wx.MicroWxServerApplication - The following profiles are active: test
2018-04-09 16:24:05.032 [main] WARN  org.mybatis.spring.mapper.ClassPathMapperScanner - No MyBatis mapper was found in '[com.example.wx.dao]' package. Please check your configuration.
2018-04-09 16:24:05.048 [main] INFO  c.e.wx.config.datasource.DynamicDataSourceRegister - Dynamic DataSource Registry
2018-04-09 16:24:05.304 [main] DEBUG o.m.s.boot.autoconfigure.MybatisAutoConfiguration - Searching for mappers annotated with @Mapper
2018-04-09 16:24:05.311 [main] DEBUG o.m.s.boot.autoconfigure.MybatisAutoConfiguration - Using auto-configuration base package 'com.example.wx'
2018-04-09 16:24:05.317 [main] TRACE org.mybatis.spring.mapper.ClassPathMapperScanner - Scanning file [E:\06MyWork\2018\micro-wx-server\target\classes\com\example\wx\common\Convert.class]
2018-04-09 16:24:05.323 [main] TRACE org.mybatis.spring.mapper.ClassPathMapperScanner - Ignored because not matching any filter: file [E:\06MyWork\2018\micro-wx-server\target\classes\com\example\wx\common\Convert.class]
2018-04-09 16:24:05.326 [main] TRACE org.mybatis.spring.mapper.ClassPathMapperScanner - Scanning file [E:\06MyWork\2018\micro-wx-server\target\classes\com\example\wx\common\RequstMethod.class]
2018-04-09 16:24:05.327 [main] TRACE org.mybatis.spring.mapper.ClassPathMapperScanner - Ignored because not matching any filter: file [E:\06MyWork\2018\micro-wx-server\target\classes\com\example\wx\common\RequstMethod.class]
2018-04-09 16:24:05.328 [main] TRACE org.mybatis.spring.mapper.ClassPathMapperScanner - Scanning file [E:\06MyWork\2018\micro-wx-server\target\classes\com\example\wx\config\datasource\DBModel.class]
2018-04-09 16:24:05.331 [main] TRACE org.mybatis.spring.mapper.ClassPathMapperScanner - Ignored because not matching any filter: file [E:\06MyWork\2018\micro-wx-server\target\classes\com\example\wx\config\datasource\DBModel.class]
2018-04-09 16:24:05.332 [main] TRACE org.mybatis.spring.mapper.ClassPathMapperScanner - Scanning file [E:\06MyWork\2018\micro-wx-server\target\classes\com\example\wx\config\datasource\DynamicDataSource.class]
2018-04-09 16:24:05.334 [main] TRACE org.mybatis.spring.mapper.ClassPathMapperScanner - Ignored because not matching any filter: file [E:\06MyWork\2018\micro-wx-server\target\classes\com\example\wx\config\datasource\DynamicDataSource.class]
2018-04-09 16:24:05.334 [main] TRACE org.mybatis.spring.mapper.ClassPathMapperScanner - Scanning file [E:\06MyWork\2018\micro-wx-server\target\classes\com\example\wx\config\datasource\DynamicDataSourceAspect.class]
2018-04-09 16:24:05.334 [main] TRACE org.mybatis.spring.mapper.ClassPathMapperScanner - Ignored because not matching any filter: file [E:\06MyWork\2018\micro-wx-server\target\classes\com\example\wx\config\datasource\DynamicDataSourceAspect.class]
2018-04-09 16:24:05.335 [main] TRACE org.mybatis.spring.mapper.ClassPathMapperScanner - Scanning file [E:\06MyWork\2018\micro-wx-server\target\classes\com\example\wx\config\datasource\DynamicDataSourceContextHolder.class]
2018-04-09 16:24:05.335 [main] TRACE org.mybatis.spring.mapper.ClassPathMapperScanner - Ignored because not matching any filter: file [E:\06MyWork\2018\micro-wx-server\target\classes\com\example\wx\config\datasource\DynamicDataSourceContextHolder.class]
2018-04-09 16:24:05.335 [main] TRACE org.mybatis.spring.mapper.ClassPathMapperScanner - Scanning file [E:\06MyWork\2018\micro-wx-server\target\classes\com\example\wx\config\datasource\DynamicDataSourceRegister.class]
2018-04-09 16:24:05.336 [main] TRACE org.mybatis.spring.mapper.ClassPathMapperScanner - Ignored because not matching any filter: file [E:\06MyWork\2018\micro-wx-server\target\classes\com\example\wx\config\datasource\DynamicDataSourceRegister.class]
2018-04-09 16:24:05.336 [main] TRACE org.mybatis.spring.mapper.ClassPathMapperScanner - Scanning file [E:\06MyWork\2018\micro-wx-server\target\classes\com\example\wx\config\datasource\TargetDataSource.class]
2018-04-09 16:24:05.337 [main] TRACE org.mybatis.spring.mapper.ClassPathMapperScanner - Ignored because not matching any filter: file [E:\06MyWork\2018\micro-wx-server\target\classes\com\example\wx\config\datasource\TargetDataSource.class]
2018-04-09 16:24:05.337 [main] TRACE org.mybatis.spring.mapper.ClassPathMapperScanner - Scanning file [E:\06MyWork\2018\micro-wx-server\target\classes\com\example\wx\config\MyBatisConfig.class]
2018-04-09 16:24:05.337 [main] TRACE org.mybatis.spring.mapper.ClassPathMapperScanner - Ignored because not matching any filter: file [E:\06MyWork\2018\micro-wx-server\target\classes\com\example\wx\config\MyBatisConfig.class]
2018-04-09 16:24:05.338 [main] TRACE org.mybatis.spring.mapper.ClassPathMapperScanner - Scanning file [E:\06MyWork\2018\micro-wx-server\target\classes\com\example\wx\config\MyBatisMapperScannerConfig.class]
2018-04-09 16:24:05.341 [main] TRACE org.mybatis.spring.mapper.ClassPathMapperScanner - Ignored because not matching any filter: file [E:\06MyWork\2018\micro-wx-server\target\classes\com\example\wx\config\MyBatisMapperScannerConfig.class]
2018-04-09 16:24:05.341 [main] TRACE org.mybatis.spring.mapper.ClassPathMapperScanner - Scanning file [E:\06MyWork\2018\micro-wx-server\target\classes\com\example\wx\config\swagger\SwaggerConfig.class]
2018-04-09 16:24:05.342 [main] TRACE org.mybatis.spring.mapper.ClassPathMapperScanner - Ignored because not matching any filter: file [E:\06MyWork\2018\micro-wx-server\target\classes\com\example\wx\config\swagger\SwaggerConfig.class]
2018-04-09 16:24:05.342 [main] TRACE org.mybatis.spring.mapper.ClassPathMapperScanner - Scanning file [E:\06MyWork\2018\micro-wx-server\target\classes\com\example\wx\MicroWxServerApplication.class]
2018-04-09 16:24:05.344 [main] TRACE org.mybatis.spring.mapper.ClassPathMapperScanner - Ignored because not matching any filter: file [E:\06MyWork\2018\micro-wx-server\target\classes\com\example\wx\MicroWxServerApplication.class]
2018-04-09 16:24:05.344 [main] WARN  org.mybatis.spring.mapper.ClassPathMapperScanner - No MyBatis mapper was found in '[com.example.wx]' package. Please check your configuration.
2018-04-09 16:24:05.657 [main] WARN  org.mybatis.spring.mapper.ClassPathMapperScanner - No MyBatis mapper was found in '[com.example.wx.mapper]' package. Please check your configuration.
2018-04-09 16:26:47.725 [main] INFO  com.example.wx.MicroWxServerApplication - The following profiles are active: test
2018-04-09 16:26:49.429 [main] TRACE org.mybatis.spring.mapper.ClassPathMapperScanner - Scanning file [E:\06MyWork\2018\micro-wx-server\target\classes\com\example\wx\dao\StudentRelationMapper.class]
2018-04-09 16:26:49.430 [main] DEBUG org.mybatis.spring.mapper.ClassPathMapperScanner - Identified candidate component class: file [E:\06MyWork\2018\micro-wx-server\target\classes\com\example\wx\dao\StudentRelationMapper.class]
2018-04-09 16:26:49.430 [main] DEBUG org.mybatis.spring.mapper.ClassPathMapperScanner - Creating MapperFactoryBean with name 'studentRelationMapper' and 'com.example.wx.dao.StudentRelationMapper' mapperInterface
2018-04-09 16:26:49.430 [main] DEBUG org.mybatis.spring.mapper.ClassPathMapperScanner - Enabling autowire by type for MapperFactoryBean with name 'studentRelationMapper'.
2018-04-09 16:26:49.444 [main] INFO  c.e.wx.config.datasource.DynamicDataSourceRegister - Dynamic DataSource Registry
2018-04-09 16:26:49.935 [main] WARN  org.mybatis.spring.mapper.ClassPathMapperScanner - No MyBatis mapper was found in '[com.example.wx.mapper]' package. Please check your configuration.
2018-04-09 16:26:54.698 [main] DEBUG org.mybatis.spring.SqlSessionFactoryBean - Property 'configuration' or 'configLocation' not specified, using default MyBatis Configuration
2018-04-09 16:26:54.809 [main] DEBUG org.mybatis.spring.SqlSessionFactoryBean - Scanned package: 'com.example.wx.model.*' for aliases
2018-04-09 16:26:55.115 [main] DEBUG org.mybatis.spring.SqlSessionFactoryBean - Parsed mapper file: 'file [E:\06MyWork\2018\micro-wx-server\target\classes\mapper\StudentRelationMapper.xml]'
2018-04-09 16:26:59.120 [main] INFO  com.example.wx.MicroWxServerApplication - Started MicroWxServerApplication in 14.967 seconds (JVM running for 16.627)
2018-04-09 16:28:15.036 [main] INFO  com.example.wx.MicroWxServerApplication - The following profiles are active: test
2018-04-09 16:28:16.952 [main] TRACE org.mybatis.spring.mapper.ClassPathMapperScanner - Scanning file [E:\06MyWork\2018\micro-wx-server\target\classes\com\example\wx\dao\AppealMapper.class]
2018-04-09 16:28:16.953 [main] DEBUG org.mybatis.spring.mapper.ClassPathMapperScanner - Identified candidate component class: file [E:\06MyWork\2018\micro-wx-server\target\classes\com\example\wx\dao\AppealMapper.class]
2018-04-09 16:28:16.953 [main] TRACE org.mybatis.spring.mapper.ClassPathMapperScanner - Scanning file [E:\06MyWork\2018\micro-wx-server\target\classes\com\example\wx\dao\InAndOutSchoolMapper.class]
2018-04-09 16:28:16.954 [main] DEBUG org.mybatis.spring.mapper.ClassPathMapperScanner - Identified candidate component class: file [E:\06MyWork\2018\micro-wx-server\target\classes\com\example\wx\dao\InAndOutSchoolMapper.class]
2018-04-09 16:28:16.954 [main] TRACE org.mybatis.spring.mapper.ClassPathMapperScanner - Scanning file [E:\06MyWork\2018\micro-wx-server\target\classes\com\example\wx\dao\RechargeMapper.class]
2018-04-09 16:28:16.954 [main] DEBUG org.mybatis.spring.mapper.ClassPathMapperScanner - Identified candidate component class: file [E:\06MyWork\2018\micro-wx-server\target\classes\com\example\wx\dao\RechargeMapper.class]
2018-04-09 16:28:16.954 [main] TRACE org.mybatis.spring.mapper.ClassPathMapperScanner - Scanning file [E:\06MyWork\2018\micro-wx-server\target\classes\com\example\wx\dao\SmsInfoMapper.class]
2018-04-09 16:28:16.955 [main] DEBUG org.mybatis.spring.mapper.ClassPathMapperScanner - Identified candidate component class: file [E:\06MyWork\2018\micro-wx-server\target\classes\com\example\wx\dao\SmsInfoMapper.class]
2018-04-09 16:28:16.955 [main] TRACE org.mybatis.spring.mapper.ClassPathMapperScanner - Scanning file [E:\06MyWork\2018\micro-wx-server\target\classes\com\example\wx\dao\SpendMapper.class]
2018-04-09 16:28:16.956 [main] DEBUG org.mybatis.spring.mapper.ClassPathMapperScanner - Identified candidate component class: file [E:\06MyWork\2018\micro-wx-server\target\classes\com\example\wx\dao\SpendMapper.class]
2018-04-09 16:28:16.957 [main] TRACE org.mybatis.spring.mapper.ClassPathMapperScanner - Scanning file [E:\06MyWork\2018\micro-wx-server\target\classes\com\example\wx\dao\StudentMapper.class]
2018-04-09 16:28:16.957 [main] DEBUG org.mybatis.spring.mapper.ClassPathMapperScanner - Identified candidate component class: file [E:\06MyWork\2018\micro-wx-server\target\classes\com\example\wx\dao\StudentMapper.class]
2018-04-09 16:28:16.957 [main] TRACE org.mybatis.spring.mapper.ClassPathMapperScanner - Scanning file [E:\06MyWork\2018\micro-wx-server\target\classes\com\example\wx\dao\StudentRelationMapper.class]
2018-04-09 16:28:16.958 [main] DEBUG org.mybatis.spring.mapper.ClassPathMapperScanner - Identified candidate component class: file [E:\06MyWork\2018\micro-wx-server\target\classes\com\example\wx\dao\StudentRelationMapper.class]
2018-04-09 16:28:16.958 [main] DEBUG org.mybatis.spring.mapper.ClassPathMapperScanner - Creating MapperFactoryBean with name 'appealMapper' and 'com.example.wx.dao.AppealMapper' mapperInterface
2018-04-09 16:28:16.961 [main] DEBUG org.mybatis.spring.mapper.ClassPathMapperScanner - Enabling autowire by type for MapperFactoryBean with name 'appealMapper'.
2018-04-09 16:28:16.962 [main] DEBUG org.mybatis.spring.mapper.ClassPathMapperScanner - Creating MapperFactoryBean with name 'inAndOutSchoolMapper' and 'com.example.wx.dao.InAndOutSchoolMapper' mapperInterface
2018-04-09 16:28:16.962 [main] DEBUG org.mybatis.spring.mapper.ClassPathMapperScanner - Enabling autowire by type for MapperFactoryBean with name 'inAndOutSchoolMapper'.
2018-04-09 16:28:16.962 [main] DEBUG org.mybatis.spring.mapper.ClassPathMapperScanner - Creating MapperFactoryBean with name 'rechargeMapper' and 'com.example.wx.dao.RechargeMapper' mapperInterface
2018-04-09 16:28:16.962 [main] DEBUG org.mybatis.spring.mapper.ClassPathMapperScanner - Enabling autowire by type for MapperFactoryBean with name 'rechargeMapper'.
2018-04-09 16:28:16.962 [main] DEBUG org.mybatis.spring.mapper.ClassPathMapperScanner - Creating MapperFactoryBean with name 'smsInfoMapper' and 'com.example.wx.dao.SmsInfoMapper' mapperInterface
2018-04-09 16:28:16.962 [main] DEBUG org.mybatis.spring.mapper.ClassPathMapperScanner - Enabling autowire by type for MapperFactoryBean with name 'smsInfoMapper'.
2018-04-09 16:28:16.962 [main] DEBUG org.mybatis.spring.mapper.ClassPathMapperScanner - Creating MapperFactoryBean with name 'spendMapper' and 'com.example.wx.dao.SpendMapper' mapperInterface
2018-04-09 16:28:16.962 [main] DEBUG org.mybatis.spring.mapper.ClassPathMapperScanner - Enabling autowire by type for MapperFactoryBean with name 'spendMapper'.
2018-04-09 16:28:16.963 [main] DEBUG org.mybatis.spring.mapper.ClassPathMapperScanner - Creating MapperFactoryBean with name 'studentMapper' and 'com.example.wx.dao.StudentMapper' mapperInterface
2018-04-09 16:28:16.963 [main] DEBUG org.mybatis.spring.mapper.ClassPathMapperScanner - Enabling autowire by type for MapperFactoryBean with name 'studentMapper'.
2018-04-09 16:28:16.963 [main] DEBUG org.mybatis.spring.mapper.ClassPathMapperScanner - Creating MapperFactoryBean with name 'studentRelationMapper' and 'com.example.wx.dao.StudentRelationMapper' mapperInterface
2018-04-09 16:28:16.963 [main] DEBUG org.mybatis.spring.mapper.ClassPathMapperScanner - Enabling autowire by type for MapperFactoryBean with name 'studentRelationMapper'.
2018-04-09 16:28:16.976 [main] INFO  c.e.wx.config.datasource.DynamicDataSourceRegister - Dynamic DataSource Registry
2018-04-09 16:28:17.451 [main] WARN  org.mybatis.spring.mapper.ClassPathMapperScanner - No MyBatis mapper was found in '[com.example.wx.mapper]' package. Please check your configuration.
2018-04-09 16:28:22.185 [main] DEBUG org.mybatis.spring.SqlSessionFactoryBean - Property 'configuration' or 'configLocation' not specified, using default MyBatis Configuration
2018-04-09 16:28:22.349 [main] DEBUG org.mybatis.spring.SqlSessionFactoryBean - Scanned package: 'com.example.wx.model.*' for aliases
2018-04-09 16:28:22.651 [main] DEBUG org.mybatis.spring.SqlSessionFactoryBean - Parsed mapper file: 'file [E:\06MyWork\2018\micro-wx-server\target\classes\mapper\AppealMapper.xml]'
2018-04-09 16:28:22.703 [main] DEBUG org.mybatis.spring.SqlSessionFactoryBean - Parsed mapper file: 'file [E:\06MyWork\2018\micro-wx-server\target\classes\mapper\InAndOutSchoolMapper.xml]'
2018-04-09 16:28:22.774 [main] DEBUG org.mybatis.spring.SqlSessionFactoryBean - Parsed mapper file: 'file [E:\06MyWork\2018\micro-wx-server\target\classes\mapper\RechargeMapper.xml]'
2018-04-09 16:28:22.820 [main] DEBUG org.mybatis.spring.SqlSessionFactoryBean - Parsed mapper file: 'file [E:\06MyWork\2018\micro-wx-server\target\classes\mapper\SmsInfoMapper.xml]'
2018-04-09 16:28:22.870 [main] DEBUG org.mybatis.spring.SqlSessionFactoryBean - Parsed mapper file: 'file [E:\06MyWork\2018\micro-wx-server\target\classes\mapper\SpendMapper.xml]'
2018-04-09 16:28:22.927 [main] DEBUG org.mybatis.spring.SqlSessionFactoryBean - Parsed mapper file: 'file [E:\06MyWork\2018\micro-wx-server\target\classes\mapper\StudentMapper.xml]'
2018-04-09 16:28:22.993 [main] DEBUG org.mybatis.spring.SqlSessionFactoryBean - Parsed mapper file: 'file [E:\06MyWork\2018\micro-wx-server\target\classes\mapper\StudentRelationMapper.xml]'
2018-04-09 16:28:27.023 [main] INFO  com.example.wx.MicroWxServerApplication - Started MicroWxServerApplication in 15.93 seconds (JVM running for 17.518)
2018-04-09 16:34:03.531 [main] INFO  com.example.wx.MicroWxServerApplication - The following profiles are active: test
2018-04-09 16:34:05.750 [main] TRACE org.mybatis.spring.mapper.ClassPathMapperScanner - Scanning file [E:\06MyWork\2018\micro-wx-server\target\classes\com\example\wx\dao\AppealMapper.class]
2018-04-09 16:34:05.751 [main] DEBUG org.mybatis.spring.mapper.ClassPathMapperScanner - Identified candidate component class: file [E:\06MyWork\2018\micro-wx-server\target\classes\com\example\wx\dao\AppealMapper.class]
2018-04-09 16:34:05.752 [main] TRACE org.mybatis.spring.mapper.ClassPathMapperScanner - Scanning file [E:\06MyWork\2018\micro-wx-server\target\classes\com\example\wx\dao\InAndOutSchoolMapper.class]
2018-04-09 16:34:05.752 [main] DEBUG org.mybatis.spring.mapper.ClassPathMapperScanner - Identified candidate component class: file [E:\06MyWork\2018\micro-wx-server\target\classes\com\example\wx\dao\InAndOutSchoolMapper.class]
2018-04-09 16:34:05.761 [main] TRACE org.mybatis.spring.mapper.ClassPathMapperScanner - Scanning file [E:\06MyWork\2018\micro-wx-server\target\classes\com\example\wx\dao\RechargeMapper.class]
2018-04-09 16:34:05.762 [main] DEBUG org.mybatis.spring.mapper.ClassPathMapperScanner - Identified candidate component class: file [E:\06MyWork\2018\micro-wx-server\target\classes\com\example\wx\dao\RechargeMapper.class]
2018-04-09 16:34:05.762 [main] TRACE org.mybatis.spring.mapper.ClassPathMapperScanner - Scanning file [E:\06MyWork\2018\micro-wx-server\target\classes\com\example\wx\dao\SmsInfoMapper.class]
2018-04-09 16:34:05.765 [main] DEBUG org.mybatis.spring.mapper.ClassPathMapperScanner - Identified candidate component class: file [E:\06MyWork\2018\micro-wx-server\target\classes\com\example\wx\dao\SmsInfoMapper.class]
2018-04-09 16:34:05.765 [main] TRACE org.mybatis.spring.mapper.ClassPathMapperScanner - Scanning file [E:\06MyWork\2018\micro-wx-server\target\classes\com\example\wx\dao\SpendMapper.class]
2018-04-09 16:34:05.765 [main] DEBUG org.mybatis.spring.mapper.ClassPathMapperScanner - Identified candidate component class: file [E:\06MyWork\2018\micro-wx-server\target\classes\com\example\wx\dao\SpendMapper.class]
2018-04-09 16:34:05.766 [main] TRACE org.mybatis.spring.mapper.ClassPathMapperScanner - Scanning file [E:\06MyWork\2018\micro-wx-server\target\classes\com\example\wx\dao\StudentMapper.class]
2018-04-09 16:34:05.768 [main] DEBUG org.mybatis.spring.mapper.ClassPathMapperScanner - Identified candidate component class: file [E:\06MyWork\2018\micro-wx-server\target\classes\com\example\wx\dao\StudentMapper.class]
2018-04-09 16:34:05.769 [main] TRACE org.mybatis.spring.mapper.ClassPathMapperScanner - Scanning file [E:\06MyWork\2018\micro-wx-server\target\classes\com\example\wx\dao\StudentRelationMapper.class]
2018-04-09 16:34:05.770 [main] DEBUG org.mybatis.spring.mapper.ClassPathMapperScanner - Identified candidate component class: file [E:\06MyWork\2018\micro-wx-server\target\classes\com\example\wx\dao\StudentRelationMapper.class]
2018-04-09 16:34:05.771 [main] DEBUG org.mybatis.spring.mapper.ClassPathMapperScanner - Creating MapperFactoryBean with name 'appealMapper' and 'com.example.wx.dao.AppealMapper' mapperInterface
2018-04-09 16:34:05.771 [main] DEBUG org.mybatis.spring.mapper.ClassPathMapperScanner - Enabling autowire by type for MapperFactoryBean with name 'appealMapper'.
2018-04-09 16:34:05.771 [main] DEBUG org.mybatis.spring.mapper.ClassPathMapperScanner - Creating MapperFactoryBean with name 'inAndOutSchoolMapper' and 'com.example.wx.dao.InAndOutSchoolMapper' mapperInterface
2018-04-09 16:34:05.771 [main] DEBUG org.mybatis.spring.mapper.ClassPathMapperScanner - Enabling autowire by type for MapperFactoryBean with name 'inAndOutSchoolMapper'.
2018-04-09 16:34:05.772 [main] DEBUG org.mybatis.spring.mapper.ClassPathMapperScanner - Creating MapperFactoryBean with name 'rechargeMapper' and 'com.example.wx.dao.RechargeMapper' mapperInterface
2018-04-09 16:34:05.772 [main] DEBUG org.mybatis.spring.mapper.ClassPathMapperScanner - Enabling autowire by type for MapperFactoryBean with name 'rechargeMapper'.
2018-04-09 16:34:05.772 [main] DEBUG org.mybatis.spring.mapper.ClassPathMapperScanner - Creating MapperFactoryBean with name 'smsInfoMapper' and 'com.example.wx.dao.SmsInfoMapper' mapperInterface
2018-04-09 16:34:05.772 [main] DEBUG org.mybatis.spring.mapper.ClassPathMapperScanner - Enabling autowire by type for MapperFactoryBean with name 'smsInfoMapper'.
2018-04-09 16:34:05.772 [main] DEBUG org.mybatis.spring.mapper.ClassPathMapperScanner - Creating MapperFactoryBean with name 'spendMapper' and 'com.example.wx.dao.SpendMapper' mapperInterface
2018-04-09 16:34:05.772 [main] DEBUG org.mybatis.spring.mapper.ClassPathMapperScanner - Enabling autowire by type for MapperFactoryBean with name 'spendMapper'.
2018-04-09 16:34:05.772 [main] DEBUG org.mybatis.spring.mapper.ClassPathMapperScanner - Creating MapperFactoryBean with name 'studentMapper' and 'com.example.wx.dao.StudentMapper' mapperInterface
2018-04-09 16:34:05.772 [main] DEBUG org.mybatis.spring.mapper.ClassPathMapperScanner - Enabling autowire by type for MapperFactoryBean with name 'studentMapper'.
2018-04-09 16:34:05.772 [main] DEBUG org.mybatis.spring.mapper.ClassPathMapperScanner - Creating MapperFactoryBean with name 'studentRelationMapper' and 'com.example.wx.dao.StudentRelationMapper' mapperInterface
2018-04-09 16:34:05.772 [main] DEBUG org.mybatis.spring.mapper.ClassPathMapperScanner - Enabling autowire by type for MapperFactoryBean with name 'studentRelationMapper'.
2018-04-09 16:34:05.787 [main] INFO  c.e.wx.config.datasource.DynamicDataSourceRegister - Dynamic DataSource Registry
2018-04-09 16:34:06.446 [main] WARN  org.mybatis.spring.mapper.ClassPathMapperScanner - No MyBatis mapper was found in '[com.example.wx.mapper]' package. Please check your configuration.
2018-04-09 16:34:09.892 [main] DEBUG org.mybatis.spring.SqlSessionFactoryBean - Property 'configuration' or 'configLocation' not specified, using default MyBatis Configuration
2018-04-09 16:34:10.060 [main] DEBUG org.mybatis.spring.SqlSessionFactoryBean - Scanned package: 'com.example.wx.model.*' for aliases
2018-04-09 16:34:10.354 [main] DEBUG org.mybatis.spring.SqlSessionFactoryBean - Parsed mapper file: 'file [E:\06MyWork\2018\micro-wx-server\target\classes\mapper\AppealMapper.xml]'
2018-04-09 16:34:10.451 [main] DEBUG org.mybatis.spring.SqlSessionFactoryBean - Parsed mapper file: 'file [E:\06MyWork\2018\micro-wx-server\target\classes\mapper\InAndOutSchoolMapper.xml]'
2018-04-09 16:34:10.517 [main] DEBUG org.mybatis.spring.SqlSessionFactoryBean - Parsed mapper file: 'file [E:\06MyWork\2018\micro-wx-server\target\classes\mapper\RechargeMapper.xml]'
2018-04-09 16:34:10.576 [main] DEBUG org.mybatis.spring.SqlSessionFactoryBean - Parsed mapper file: 'file [E:\06MyWork\2018\micro-wx-server\target\classes\mapper\SmsInfoMapper.xml]'
2018-04-09 16:34:10.655 [main] DEBUG org.mybatis.spring.SqlSessionFactoryBean - Parsed mapper file: 'file [E:\06MyWork\2018\micro-wx-server\target\classes\mapper\SpendMapper.xml]'
2018-04-09 16:34:10.691 [main] DEBUG org.mybatis.spring.SqlSessionFactoryBean - Parsed mapper file: 'file [E:\06MyWork\2018\micro-wx-server\target\classes\mapper\StudentMapper.xml]'
2018-04-09 16:34:10.743 [main] DEBUG org.mybatis.spring.SqlSessionFactoryBean - Parsed mapper file: 'file [E:\06MyWork\2018\micro-wx-server\target\classes\mapper\StudentRelationMapper.xml]'
2018-04-09 16:34:16.419 [main] INFO  com.example.wx.MicroWxServerApplication - Started MicroWxServerApplication in 16.398 seconds (JVM running for 17.956)
2018-04-09 16:36:03.381 [main] INFO  com.example.wx.MicroWxServerApplication - The following profiles are active: test
2018-04-09 16:36:05.438 [main] TRACE org.mybatis.spring.mapper.ClassPathMapperScanner - Scanning file [E:\06MyWork\2018\micro-wx-server\target\classes\com\example\wx\dao\AppealMapper.class]
2018-04-09 16:36:05.438 [main] DEBUG org.mybatis.spring.mapper.ClassPathMapperScanner - Identified candidate component class: file [E:\06MyWork\2018\micro-wx-server\target\classes\com\example\wx\dao\AppealMapper.class]
2018-04-09 16:36:05.438 [main] TRACE org.mybatis.spring.mapper.ClassPathMapperScanner - Scanning file [E:\06MyWork\2018\micro-wx-server\target\classes\com\example\wx\dao\InAndOutSchoolMapper.class]
2018-04-09 16:36:05.439 [main] DEBUG org.mybatis.spring.mapper.ClassPathMapperScanner - Identified candidate component class: file [E:\06MyWork\2018\micro-wx-server\target\classes\com\example\wx\dao\InAndOutSchoolMapper.class]
2018-04-09 16:36:05.439 [main] TRACE org.mybatis.spring.mapper.ClassPathMapperScanner - Scanning file [E:\06MyWork\2018\micro-wx-server\target\classes\com\example\wx\dao\RechargeMapper.class]
2018-04-09 16:36:05.439 [main] DEBUG org.mybatis.spring.mapper.ClassPathMapperScanner - Identified candidate component class: file [E:\06MyWork\2018\micro-wx-server\target\classes\com\example\wx\dao\RechargeMapper.class]
2018-04-09 16:36:05.439 [main] TRACE org.mybatis.spring.mapper.ClassPathMapperScanner - Scanning file [E:\06MyWork\2018\micro-wx-server\target\classes\com\example\wx\dao\SmsInfoMapper.class]
2018-04-09 16:36:05.440 [main] DEBUG org.mybatis.spring.mapper.ClassPathMapperScanner - Identified candidate component class: file [E:\06MyWork\2018\micro-wx-server\target\classes\com\example\wx\dao\SmsInfoMapper.class]
2018-04-09 16:36:05.440 [main] TRACE org.mybatis.spring.mapper.ClassPathMapperScanner - Scanning file [E:\06MyWork\2018\micro-wx-server\target\classes\com\example\wx\dao\SpendMapper.class]
2018-04-09 16:36:05.440 [main] DEBUG org.mybatis.spring.mapper.ClassPathMapperScanner - Identified candidate component class: file [E:\06MyWork\2018\micro-wx-server\target\classes\com\example\wx\dao\SpendMapper.class]
2018-04-09 16:36:05.440 [main] TRACE org.mybatis.spring.mapper.ClassPathMapperScanner - Scanning file [E:\06MyWork\2018\micro-wx-server\target\classes\com\example\wx\dao\StudentMapper.class]
2018-04-09 16:36:05.441 [main] DEBUG org.mybatis.spring.mapper.ClassPathMapperScanner - Identified candidate component class: file [E:\06MyWork\2018\micro-wx-server\target\classes\com\example\wx\dao\StudentMapper.class]
2018-04-09 16:36:05.441 [main] TRACE org.mybatis.spring.mapper.ClassPathMapperScanner - Scanning file [E:\06MyWork\2018\micro-wx-server\target\classes\com\example\wx\dao\StudentRelationMapper.class]
2018-04-09 16:36:05.441 [main] DEBUG org.mybatis.spring.mapper.ClassPathMapperScanner - Identified candidate component class: file [E:\06MyWork\2018\micro-wx-server\target\classes\com\example\wx\dao\StudentRelationMapper.class]
2018-04-09 16:36:05.442 [main] DEBUG org.mybatis.spring.mapper.ClassPathMapperScanner - Creating MapperFactoryBean with name 'appealMapper' and 'com.example.wx.dao.AppealMapper' mapperInterface
2018-04-09 16:36:05.442 [main] DEBUG org.mybatis.spring.mapper.ClassPathMapperScanner - Enabling autowire by type for MapperFactoryBean with name 'appealMapper'.
2018-04-09 16:36:05.442 [main] DEBUG org.mybatis.spring.mapper.ClassPathMapperScanner - Creating MapperFactoryBean with name 'inAndOutSchoolMapper' and 'com.example.wx.dao.InAndOutSchoolMapper' mapperInterface
2018-04-09 16:36:05.442 [main] DEBUG org.mybatis.spring.mapper.ClassPathMapperScanner - Enabling autowire by type for MapperFactoryBean with name 'inAndOutSchoolMapper'.
2018-04-09 16:36:05.442 [main] DEBUG org.mybatis.spring.mapper.ClassPathMapperScanner - Creating MapperFactoryBean with name 'rechargeMapper' and 'com.example.wx.dao.RechargeMapper' mapperInterface
2018-04-09 16:36:05.442 [main] DEBUG org.mybatis.spring.mapper.ClassPathMapperScanner - Enabling autowire by type for MapperFactoryBean with name 'rechargeMapper'.
2018-04-09 16:36:05.442 [main] DEBUG org.mybatis.spring.mapper.ClassPathMapperScanner - Creating MapperFactoryBean with name 'smsInfoMapper' and 'com.example.wx.dao.SmsInfoMapper' mapperInterface
2018-04-09 16:36:05.445 [main] DEBUG org.mybatis.spring.mapper.ClassPathMapperScanner - Enabling autowire by type for MapperFactoryBean with name 'smsInfoMapper'.
2018-04-09 16:36:05.446 [main] DEBUG org.mybatis.spring.mapper.ClassPathMapperScanner - Creating MapperFactoryBean with name 'spendMapper' and 'com.example.wx.dao.SpendMapper' mapperInterface
2018-04-09 16:36:05.446 [main] DEBUG org.mybatis.spring.mapper.ClassPathMapperScanner - Enabling autowire by type for MapperFactoryBean with name 'spendMapper'.
2018-04-09 16:36:05.446 [main] DEBUG org.mybatis.spring.mapper.ClassPathMapperScanner - Creating MapperFactoryBean with name 'studentMapper' and 'com.example.wx.dao.StudentMapper' mapperInterface
2018-04-09 16:36:05.447 [main] DEBUG org.mybatis.spring.mapper.ClassPathMapperScanner - Enabling autowire by type for MapperFactoryBean with name 'studentMapper'.
2018-04-09 16:36:05.447 [main] DEBUG org.mybatis.spring.mapper.ClassPathMapperScanner - Creating MapperFactoryBean with name 'studentRelationMapper' and 'com.example.wx.dao.StudentRelationMapper' mapperInterface
2018-04-09 16:36:05.447 [main] DEBUG org.mybatis.spring.mapper.ClassPathMapperScanner - Enabling autowire by type for MapperFactoryBean with name 'studentRelationMapper'.
2018-04-09 16:36:05.458 [main] INFO  c.e.wx.config.datasource.DynamicDataSourceRegister - Dynamic DataSource Registry
2018-04-09 16:36:06.071 [main] WARN  org.mybatis.spring.mapper.ClassPathMapperScanner - No MyBatis mapper was found in '[com.example.wx.mapper]' package. Please check your configuration.
2018-04-09 16:36:09.195 [main] DEBUG org.mybatis.spring.SqlSessionFactoryBean - Property 'configuration' or 'configLocation' not specified, using default MyBatis Configuration
2018-04-09 16:36:09.375 [main] DEBUG org.mybatis.spring.SqlSessionFactoryBean - Scanned package: 'com.example.wx.model.*' for aliases
2018-04-09 16:36:09.690 [main] DEBUG org.mybatis.spring.SqlSessionFactoryBean - Parsed mapper file: 'file [E:\06MyWork\2018\micro-wx-server\target\classes\mapper\AppealMapper.xml]'
2018-04-09 16:36:09.779 [main] DEBUG org.mybatis.spring.SqlSessionFactoryBean - Parsed mapper file: 'file [E:\06MyWork\2018\micro-wx-server\target\classes\mapper\InAndOutSchoolMapper.xml]'
2018-04-09 16:36:09.851 [main] DEBUG org.mybatis.spring.SqlSessionFactoryBean - Parsed mapper file: 'file [E:\06MyWork\2018\micro-wx-server\target\classes\mapper\RechargeMapper.xml]'
2018-04-09 16:36:09.939 [main] DEBUG org.mybatis.spring.SqlSessionFactoryBean - Parsed mapper file: 'file [E:\06MyWork\2018\micro-wx-server\target\classes\mapper\SmsInfoMapper.xml]'
2018-04-09 16:36:09.993 [main] DEBUG org.mybatis.spring.SqlSessionFactoryBean - Parsed mapper file: 'file [E:\06MyWork\2018\micro-wx-server\target\classes\mapper\SpendMapper.xml]'
2018-04-09 16:36:10.030 [main] DEBUG org.mybatis.spring.SqlSessionFactoryBean - Parsed mapper file: 'file [E:\06MyWork\2018\micro-wx-server\target\classes\mapper\StudentMapper.xml]'
2018-04-09 16:36:10.066 [main] DEBUG org.mybatis.spring.SqlSessionFactoryBean - Parsed mapper file: 'file [E:\06MyWork\2018\micro-wx-server\target\classes\mapper\StudentRelationMapper.xml]'
2018-04-09 16:36:15.857 [main] INFO  com.example.wx.MicroWxServerApplication - Started MicroWxServerApplication in 16.258 seconds (JVM running for 18.033)
2018-04-09 16:37:16.284 [main] INFO  com.example.wx.MicroWxServerApplication - The following profiles are active: test
2018-04-09 16:37:18.237 [main] TRACE org.mybatis.spring.mapper.ClassPathMapperScanner - Scanning file [E:\06MyWork\2018\micro-wx-server\target\classes\com\example\wx\dao\AppealMapper.class]
2018-04-09 16:37:18.238 [main] DEBUG org.mybatis.spring.mapper.ClassPathMapperScanner - Identified candidate component class: file [E:\06MyWork\2018\micro-wx-server\target\classes\com\example\wx\dao\AppealMapper.class]
2018-04-09 16:37:18.240 [main] TRACE org.mybatis.spring.mapper.ClassPathMapperScanner - Scanning file [E:\06MyWork\2018\micro-wx-server\target\classes\com\example\wx\dao\InAndOutSchoolMapper.class]
2018-04-09 16:37:18.241 [main] DEBUG org.mybatis.spring.mapper.ClassPathMapperScanner - Identified candidate component class: file [E:\06MyWork\2018\micro-wx-server\target\classes\com\example\wx\dao\InAndOutSchoolMapper.class]
2018-04-09 16:37:18.241 [main] TRACE org.mybatis.spring.mapper.ClassPathMapperScanner - Scanning file [E:\06MyWork\2018\micro-wx-server\target\classes\com\example\wx\dao\RechargeMapper.class]
2018-04-09 16:37:18.241 [main] DEBUG org.mybatis.spring.mapper.ClassPathMapperScanner - Identified candidate component class: file [E:\06MyWork\2018\micro-wx-server\target\classes\com\example\wx\dao\RechargeMapper.class]
2018-04-09 16:37:18.241 [main] TRACE org.mybatis.spring.mapper.ClassPathMapperScanner - Scanning file [E:\06MyWork\2018\micro-wx-server\target\classes\com\example\wx\dao\SmsInfoMapper.class]
2018-04-09 16:37:18.242 [main] DEBUG org.mybatis.spring.mapper.ClassPathMapperScanner - Identified candidate component class: file [E:\06MyWork\2018\micro-wx-server\target\classes\com\example\wx\dao\SmsInfoMapper.class]
2018-04-09 16:37:18.242 [main] TRACE org.mybatis.spring.mapper.ClassPathMapperScanner - Scanning file [E:\06MyWork\2018\micro-wx-server\target\classes\com\example\wx\dao\SpendMapper.class]
2018-04-09 16:37:18.242 [main] DEBUG org.mybatis.spring.mapper.ClassPathMapperScanner - Identified candidate component class: file [E:\06MyWork\2018\micro-wx-server\target\classes\com\example\wx\dao\SpendMapper.class]
2018-04-09 16:37:18.242 [main] TRACE org.mybatis.spring.mapper.ClassPathMapperScanner - Scanning file [E:\06MyWork\2018\micro-wx-server\target\classes\com\example\wx\dao\StudentMapper.class]
2018-04-09 16:37:18.243 [main] DEBUG org.mybatis.spring.mapper.ClassPathMapperScanner - Identified candidate component class: file [E:\06MyWork\2018\micro-wx-server\target\classes\com\example\wx\dao\StudentMapper.class]
2018-04-09 16:37:18.243 [main] TRACE org.mybatis.spring.mapper.ClassPathMapperScanner - Scanning file [E:\06MyWork\2018\micro-wx-server\target\classes\com\example\wx\dao\StudentRelationMapper.class]
2018-04-09 16:37:18.243 [main] DEBUG org.mybatis.spring.mapper.ClassPathMapperScanner - Identified candidate component class: file [E:\06MyWork\2018\micro-wx-server\target\classes\com\example\wx\dao\StudentRelationMapper.class]
2018-04-09 16:37:18.244 [main] DEBUG org.mybatis.spring.mapper.ClassPathMapperScanner - Creating MapperFactoryBean with name 'appealMapper' and 'com.example.wx.dao.AppealMapper' mapperInterface
2018-04-09 16:37:18.244 [main] DEBUG org.mybatis.spring.mapper.ClassPathMapperScanner - Enabling autowire by type for MapperFactoryBean with name 'appealMapper'.
2018-04-09 16:37:18.244 [main] DEBUG org.mybatis.spring.mapper.ClassPathMapperScanner - Creating MapperFactoryBean with name 'inAndOutSchoolMapper' and 'com.example.wx.dao.InAndOutSchoolMapper' mapperInterface
2018-04-09 16:37:18.244 [main] DEBUG org.mybatis.spring.mapper.ClassPathMapperScanner - Enabling autowire by type for MapperFactoryBean with name 'inAndOutSchoolMapper'.
2018-04-09 16:37:18.244 [main] DEBUG org.mybatis.spring.mapper.ClassPathMapperScanner - Creating MapperFactoryBean with name 'rechargeMapper' and 'com.example.wx.dao.RechargeMapper' mapperInterface
2018-04-09 16:37:18.244 [main] DEBUG org.mybatis.spring.mapper.ClassPathMapperScanner - Enabling autowire by type for MapperFactoryBean with name 'rechargeMapper'.
2018-04-09 16:37:18.244 [main] DEBUG org.mybatis.spring.mapper.ClassPathMapperScanner - Creating MapperFactoryBean with name 'smsInfoMapper' and 'com.example.wx.dao.SmsInfoMapper' mapperInterface
2018-04-09 16:37:18.244 [main] DEBUG org.mybatis.spring.mapper.ClassPathMapperScanner - Enabling autowire by type for MapperFactoryBean with name 'smsInfoMapper'.
2018-04-09 16:37:18.244 [main] DEBUG org.mybatis.spring.mapper.ClassPathMapperScanner - Creating MapperFactoryBean with name 'spendMapper' and 'com.example.wx.dao.SpendMapper' mapperInterface
2018-04-09 16:37:18.245 [main] DEBUG org.mybatis.spring.mapper.ClassPathMapperScanner - Enabling autowire by type for MapperFactoryBean with name 'spendMapper'.
2018-04-09 16:37:18.245 [main] DEBUG org.mybatis.spring.mapper.ClassPathMapperScanner - Creating MapperFactoryBean with name 'studentMapper' and 'com.example.wx.dao.StudentMapper' mapperInterface
2018-04-09 16:37:18.245 [main] DEBUG org.mybatis.spring.mapper.ClassPathMapperScanner - Enabling autowire by type for MapperFactoryBean with name 'studentMapper'.
2018-04-09 16:37:18.245 [main] DEBUG org.mybatis.spring.mapper.ClassPathMapperScanner - Creating MapperFactoryBean with name 'studentRelationMapper' and 'com.example.wx.dao.StudentRelationMapper' mapperInterface
2018-04-09 16:37:18.245 [main] DEBUG org.mybatis.spring.mapper.ClassPathMapperScanner - Enabling autowire by type for MapperFactoryBean with name 'studentRelationMapper'.
2018-04-09 16:37:18.255 [main] INFO  c.e.wx.config.datasource.DynamicDataSourceRegister - Dynamic DataSource Registry
2018-04-09 16:37:18.640 [main] WARN  org.mybatis.spring.mapper.ClassPathMapperScanner - No MyBatis mapper was found in '[com.example.wx.mapper]' package. Please check your configuration.
2018-04-09 16:37:22.064 [main] DEBUG org.mybatis.spring.SqlSessionFactoryBean - Property 'configuration' or 'configLocation' not specified, using default MyBatis Configuration
2018-04-09 16:37:22.190 [main] DEBUG org.mybatis.spring.SqlSessionFactoryBean - Scanned package: 'com.example.wx.model.*' for aliases
2018-04-09 16:37:22.466 [main] DEBUG org.mybatis.spring.SqlSessionFactoryBean - Parsed mapper file: 'file [E:\06MyWork\2018\micro-wx-server\target\classes\mapper\AppealMapper.xml]'
2018-04-09 16:37:22.514 [main] DEBUG org.mybatis.spring.SqlSessionFactoryBean - Parsed mapper file: 'file [E:\06MyWork\2018\micro-wx-server\target\classes\mapper\InAndOutSchoolMapper.xml]'
2018-04-09 16:37:22.559 [main] DEBUG org.mybatis.spring.SqlSessionFactoryBean - Parsed mapper file: 'file [E:\06MyWork\2018\micro-wx-server\target\classes\mapper\RechargeMapper.xml]'
2018-04-09 16:37:22.608 [main] DEBUG org.mybatis.spring.SqlSessionFactoryBean - Parsed mapper file: 'file [E:\06MyWork\2018\micro-wx-server\target\classes\mapper\SmsInfoMapper.xml]'
2018-04-09 16:37:22.663 [main] DEBUG org.mybatis.spring.SqlSessionFactoryBean - Parsed mapper file: 'file [E:\06MyWork\2018\micro-wx-server\target\classes\mapper\SpendMapper.xml]'
2018-04-09 16:37:22.743 [main] DEBUG org.mybatis.spring.SqlSessionFactoryBean - Parsed mapper file: 'file [E:\06MyWork\2018\micro-wx-server\target\classes\mapper\StudentMapper.xml]'
2018-04-09 16:37:22.780 [main] DEBUG org.mybatis.spring.SqlSessionFactoryBean - Parsed mapper file: 'file [E:\06MyWork\2018\micro-wx-server\target\classes\mapper\StudentRelationMapper.xml]'
2018-04-09 16:37:28.181 [main] INFO  com.example.wx.MicroWxServerApplication - Started MicroWxServerApplication in 15.348 seconds (JVM running for 16.936)
2018-04-09 16:38:44.398 [main] INFO  com.example.wx.MicroWxServerApplication - The following profiles are active: test
2018-04-09 16:38:46.577 [main] TRACE org.mybatis.spring.mapper.ClassPathMapperScanner - Scanning file [E:\06MyWork\2018\micro-wx-server\target\classes\com\example\wx\dao\AppealMapper.class]
2018-04-09 16:38:46.578 [main] DEBUG org.mybatis.spring.mapper.ClassPathMapperScanner - Identified candidate component class: file [E:\06MyWork\2018\micro-wx-server\target\classes\com\example\wx\dao\AppealMapper.class]
2018-04-09 16:38:46.578 [main] TRACE org.mybatis.spring.mapper.ClassPathMapperScanner - Scanning file [E:\06MyWork\2018\micro-wx-server\target\classes\com\example\wx\dao\InAndOutSchoolMapper.class]
2018-04-09 16:38:46.578 [main] DEBUG org.mybatis.spring.mapper.ClassPathMapperScanner - Identified candidate component class: file [E:\06MyWork\2018\micro-wx-server\target\classes\com\example\wx\dao\InAndOutSchoolMapper.class]
2018-04-09 16:38:46.579 [main] TRACE org.mybatis.spring.mapper.ClassPathMapperScanner - Scanning file [E:\06MyWork\2018\micro-wx-server\target\classes\com\example\wx\dao\RechargeMapper.class]
2018-04-09 16:38:46.579 [main] DEBUG org.mybatis.spring.mapper.ClassPathMapperScanner - Identified candidate component class: file [E:\06MyWork\2018\micro-wx-server\target\classes\com\example\wx\dao\RechargeMapper.class]
2018-04-09 16:38:46.579 [main] TRACE org.mybatis.spring.mapper.ClassPathMapperScanner - Scanning file [E:\06MyWork\2018\micro-wx-server\target\classes\com\example\wx\dao\SmsInfoMapper.class]
2018-04-09 16:38:46.580 [main] DEBUG org.mybatis.spring.mapper.ClassPathMapperScanner - Identified candidate component class: file [E:\06MyWork\2018\micro-wx-server\target\classes\com\example\wx\dao\SmsInfoMapper.class]
2018-04-09 16:38:46.580 [main] TRACE org.mybatis.spring.mapper.ClassPathMapperScanner - Scanning file [E:\06MyWork\2018\micro-wx-server\target\classes\com\example\wx\dao\SpendMapper.class]
2018-04-09 16:38:46.580 [main] DEBUG org.mybatis.spring.mapper.ClassPathMapperScanner - Identified candidate component class: file [E:\06MyWork\2018\micro-wx-server\target\classes\com\example\wx\dao\SpendMapper.class]
2018-04-09 16:38:46.580 [main] TRACE org.mybatis.spring.mapper.ClassPathMapperScanner - Scanning file [E:\06MyWork\2018\micro-wx-server\target\classes\com\example\wx\dao\StudentMapper.class]
2018-04-09 16:38:46.581 [main] DEBUG org.mybatis.spring.mapper.ClassPathMapperScanner - Identified candidate component class: file [E:\06MyWork\2018\micro-wx-server\target\classes\com\example\wx\dao\StudentMapper.class]
2018-04-09 16:38:46.581 [main] TRACE org.mybatis.spring.mapper.ClassPathMapperScanner - Scanning file [E:\06MyWork\2018\micro-wx-server\target\classes\com\example\wx\dao\StudentRelationMapper.class]
2018-04-09 16:38:46.582 [main] DEBUG org.mybatis.spring.mapper.ClassPathMapperScanner - Identified candidate component class: file [E:\06MyWork\2018\micro-wx-server\target\classes\com\example\wx\dao\StudentRelationMapper.class]
2018-04-09 16:38:46.582 [main] DEBUG org.mybatis.spring.mapper.ClassPathMapperScanner - Creating MapperFactoryBean with name 'appealMapper' and 'com.example.wx.dao.AppealMapper' mapperInterface
2018-04-09 16:38:46.582 [main] DEBUG org.mybatis.spring.mapper.ClassPathMapperScanner - Enabling autowire by type for MapperFactoryBean with name 'appealMapper'.
2018-04-09 16:38:46.583 [main] DEBUG org.mybatis.spring.mapper.ClassPathMapperScanner - Creating MapperFactoryBean with name 'inAndOutSchoolMapper' and 'com.example.wx.dao.InAndOutSchoolMapper' mapperInterface
2018-04-09 16:38:46.583 [main] DEBUG org.mybatis.spring.mapper.ClassPathMapperScanner - Enabling autowire by type for MapperFactoryBean with name 'inAndOutSchoolMapper'.
2018-04-09 16:38:46.583 [main] DEBUG org.mybatis.spring.mapper.ClassPathMapperScanner - Creating MapperFactoryBean with name 'rechargeMapper' and 'com.example.wx.dao.RechargeMapper' mapperInterface
2018-04-09 16:38:46.583 [main] DEBUG org.mybatis.spring.mapper.ClassPathMapperScanner - Enabling autowire by type for MapperFactoryBean with name 'rechargeMapper'.
2018-04-09 16:38:46.583 [main] DEBUG org.mybatis.spring.mapper.ClassPathMapperScanner - Creating MapperFactoryBean with name 'smsInfoMapper' and 'com.example.wx.dao.SmsInfoMapper' mapperInterface
2018-04-09 16:38:46.584 [main] DEBUG org.mybatis.spring.mapper.ClassPathMapperScanner - Enabling autowire by type for MapperFactoryBean with name 'smsInfoMapper'.
2018-04-09 16:38:46.584 [main] DEBUG org.mybatis.spring.mapper.ClassPathMapperScanner - Creating MapperFactoryBean with name 'spendMapper' and 'com.example.wx.dao.SpendMapper' mapperInterface
2018-04-09 16:38:46.584 [main] DEBUG org.mybatis.spring.mapper.ClassPathMapperScanner - Enabling autowire by type for MapperFactoryBean with name 'spendMapper'.
2018-04-09 16:38:46.584 [main] DEBUG org.mybatis.spring.mapper.ClassPathMapperScanner - Creating MapperFactoryBean with name 'studentMapper' and 'com.example.wx.dao.StudentMapper' mapperInterface
2018-04-09 16:38:46.584 [main] DEBUG org.mybatis.spring.mapper.ClassPathMapperScanner - Enabling autowire by type for MapperFactoryBean with name 'studentMapper'.
2018-04-09 16:38:46.584 [main] DEBUG org.mybatis.spring.mapper.ClassPathMapperScanner - Creating MapperFactoryBean with name 'studentRelationMapper' and 'com.example.wx.dao.StudentRelationMapper' mapperInterface
2018-04-09 16:38:46.584 [main] DEBUG org.mybatis.spring.mapper.ClassPathMapperScanner - Enabling autowire by type for MapperFactoryBean with name 'studentRelationMapper'.
2018-04-09 16:38:46.598 [main] INFO  c.e.wx.config.datasource.DynamicDataSourceRegister - Dynamic DataSource Registry
2018-04-09 16:38:47.029 [main] WARN  org.mybatis.spring.mapper.ClassPathMapperScanner - No MyBatis mapper was found in '[com.example.wx.mapper]' package. Please check your configuration.
2018-04-09 16:38:50.140 [main] DEBUG org.mybatis.spring.SqlSessionFactoryBean - Property 'configuration' or 'configLocation' not specified, using default MyBatis Configuration
2018-04-09 16:38:50.388 [main] DEBUG org.mybatis.spring.SqlSessionFactoryBean - Scanned package: 'com.example.wx.model.*' for aliases
2018-04-09 16:38:50.631 [main] DEBUG org.mybatis.spring.SqlSessionFactoryBean - Parsed mapper file: 'file [E:\06MyWork\2018\micro-wx-server\target\classes\mapper\AppealMapper.xml]'
2018-04-09 16:38:50.726 [main] DEBUG org.mybatis.spring.SqlSessionFactoryBean - Parsed mapper file: 'file [E:\06MyWork\2018\micro-wx-server\target\classes\mapper\InAndOutSchoolMapper.xml]'
2018-04-09 16:38:50.776 [main] DEBUG org.mybatis.spring.SqlSessionFactoryBean - Parsed mapper file: 'file [E:\06MyWork\2018\micro-wx-server\target\classes\mapper\RechargeMapper.xml]'
2018-04-09 16:38:50.825 [main] DEBUG org.mybatis.spring.SqlSessionFactoryBean - Parsed mapper file: 'file [E:\06MyWork\2018\micro-wx-server\target\classes\mapper\SmsInfoMapper.xml]'
2018-04-09 16:38:50.875 [main] DEBUG org.mybatis.spring.SqlSessionFactoryBean - Parsed mapper file: 'file [E:\06MyWork\2018\micro-wx-server\target\classes\mapper\SpendMapper.xml]'
2018-04-09 16:38:50.923 [main] DEBUG org.mybatis.spring.SqlSessionFactoryBean - Parsed mapper file: 'file [E:\06MyWork\2018\micro-wx-server\target\classes\mapper\StudentMapper.xml]'
2018-04-09 16:38:50.959 [main] DEBUG org.mybatis.spring.SqlSessionFactoryBean - Parsed mapper file: 'file [E:\06MyWork\2018\micro-wx-server\target\classes\mapper\StudentRelationMapper.xml]'
2018-04-09 16:38:57.017 [main] INFO  com.example.wx.MicroWxServerApplication - Started MicroWxServerApplication in 16.249 seconds (JVM running for 17.793)
2018-04-09 16:45:32.704 [main] INFO  com.example.wx.MicroWxServerApplication - The following profiles are active: test
2018-04-09 16:45:34.683 [main] TRACE org.mybatis.spring.mapper.ClassPathMapperScanner - Scanning file [E:\06MyWork\2018\micro-wx-server\target\classes\com\example\wx\dao\AppealMapper.class]
2018-04-09 16:45:34.684 [main] DEBUG org.mybatis.spring.mapper.ClassPathMapperScanner - Identified candidate component class: file [E:\06MyWork\2018\micro-wx-server\target\classes\com\example\wx\dao\AppealMapper.class]
2018-04-09 16:45:34.684 [main] TRACE org.mybatis.spring.mapper.ClassPathMapperScanner - Scanning file [E:\06MyWork\2018\micro-wx-server\target\classes\com\example\wx\dao\InAndOutSchoolMapper.class]
2018-04-09 16:45:34.684 [main] DEBUG org.mybatis.spring.mapper.ClassPathMapperScanner - Identified candidate component class: file [E:\06MyWork\2018\micro-wx-server\target\classes\com\example\wx\dao\InAndOutSchoolMapper.class]
2018-04-09 16:45:34.684 [main] TRACE org.mybatis.spring.mapper.ClassPathMapperScanner - Scanning file [E:\06MyWork\2018\micro-wx-server\target\classes\com\example\wx\dao\RechargeMapper.class]
2018-04-09 16:45:34.685 [main] DEBUG org.mybatis.spring.mapper.ClassPathMapperScanner - Identified candidate component class: file [E:\06MyWork\2018\micro-wx-server\target\classes\com\example\wx\dao\RechargeMapper.class]
2018-04-09 16:45:34.685 [main] TRACE org.mybatis.spring.mapper.ClassPathMapperScanner - Scanning file [E:\06MyWork\2018\micro-wx-server\target\classes\com\example\wx\dao\SmsInfoMapper.class]
2018-04-09 16:45:34.685 [main] DEBUG org.mybatis.spring.mapper.ClassPathMapperScanner - Identified candidate component class: file [E:\06MyWork\2018\micro-wx-server\target\classes\com\example\wx\dao\SmsInfoMapper.class]
2018-04-09 16:45:34.686 [main] TRACE org.mybatis.spring.mapper.ClassPathMapperScanner - Scanning file [E:\06MyWork\2018\micro-wx-server\target\classes\com\example\wx\dao\SpendMapper.class]
2018-04-09 16:45:34.686 [main] DEBUG org.mybatis.spring.mapper.ClassPathMapperScanner - Identified candidate component class: file [E:\06MyWork\2018\micro-wx-server\target\classes\com\example\wx\dao\SpendMapper.class]
2018-04-09 16:45:34.686 [main] TRACE org.mybatis.spring.mapper.ClassPathMapperScanner - Scanning file [E:\06MyWork\2018\micro-wx-server\target\classes\com\example\wx\dao\StudentMapper.class]
2018-04-09 16:45:34.687 [main] DEBUG org.mybatis.spring.mapper.ClassPathMapperScanner - Identified candidate component class: file [E:\06MyWork\2018\micro-wx-server\target\classes\com\example\wx\dao\StudentMapper.class]
2018-04-09 16:45:34.687 [main] TRACE org.mybatis.spring.mapper.ClassPathMapperScanner - Scanning file [E:\06MyWork\2018\micro-wx-server\target\classes\com\example\wx\dao\StudentRelationMapper.class]
2018-04-09 16:45:34.688 [main] DEBUG org.mybatis.spring.mapper.ClassPathMapperScanner - Identified candidate component class: file [E:\06MyWork\2018\micro-wx-server\target\classes\com\example\wx\dao\StudentRelationMapper.class]
2018-04-09 16:45:34.688 [main] DEBUG org.mybatis.spring.mapper.ClassPathMapperScanner - Creating MapperFactoryBean with name 'appealMapper' and 'com.example.wx.dao.AppealMapper' mapperInterface
2018-04-09 16:45:34.689 [main] DEBUG org.mybatis.spring.mapper.ClassPathMapperScanner - Enabling autowire by type for MapperFactoryBean with name 'appealMapper'.
2018-04-09 16:45:34.689 [main] DEBUG org.mybatis.spring.mapper.ClassPathMapperScanner - Creating MapperFactoryBean with name 'inAndOutSchoolMapper' and 'com.example.wx.dao.InAndOutSchoolMapper' mapperInterface
2018-04-09 16:45:34.689 [main] DEBUG org.mybatis.spring.mapper.ClassPathMapperScanner - Enabling autowire by type for MapperFactoryBean with name 'inAndOutSchoolMapper'.
2018-04-09 16:45:34.689 [main] DEBUG org.mybatis.spring.mapper.ClassPathMapperScanner - Creating MapperFactoryBean with name 'rechargeMapper' and 'com.example.wx.dao.RechargeMapper' mapperInterface
2018-04-09 16:45:34.689 [main] DEBUG org.mybatis.spring.mapper.ClassPathMapperScanner - Enabling autowire by type for MapperFactoryBean with name 'rechargeMapper'.
2018-04-09 16:45:34.689 [main] DEBUG org.mybatis.spring.mapper.ClassPathMapperScanner - Creating MapperFactoryBean with name 'smsInfoMapper' and 'com.example.wx.dao.SmsInfoMapper' mapperInterface
2018-04-09 16:45:34.689 [main] DEBUG org.mybatis.spring.mapper.ClassPathMapperScanner - Enabling autowire by type for MapperFactoryBean with name 'smsInfoMapper'.
2018-04-09 16:45:34.689 [main] DEBUG org.mybatis.spring.mapper.ClassPathMapperScanner - Creating MapperFactoryBean with name 'spendMapper' and 'com.example.wx.dao.SpendMapper' mapperInterface
2018-04-09 16:45:34.689 [main] DEBUG org.mybatis.spring.mapper.ClassPathMapperScanner - Enabling autowire by type for MapperFactoryBean with name 'spendMapper'.
2018-04-09 16:45:34.689 [main] DEBUG org.mybatis.spring.mapper.ClassPathMapperScanner - Creating MapperFactoryBean with name 'studentMapper' and 'com.example.wx.dao.StudentMapper' mapperInterface
2018-04-09 16:45:34.689 [main] DEBUG org.mybatis.spring.mapper.ClassPathMapperScanner - Enabling autowire by type for MapperFactoryBean with name 'studentMapper'.
2018-04-09 16:45:34.689 [main] DEBUG org.mybatis.spring.mapper.ClassPathMapperScanner - Creating MapperFactoryBean with name 'studentRelationMapper' and 'com.example.wx.dao.StudentRelationMapper' mapperInterface
2018-04-09 16:45:34.689 [main] DEBUG org.mybatis.spring.mapper.ClassPathMapperScanner - Enabling autowire by type for MapperFactoryBean with name 'studentRelationMapper'.
2018-04-09 16:45:34.704 [main] INFO  c.e.wx.config.datasource.DynamicDataSourceRegister - Dynamic DataSource Registry
2018-04-09 16:45:35.320 [main] WARN  org.mybatis.spring.mapper.ClassPathMapperScanner - No MyBatis mapper was found in '[com.example.wx.mapper]' package. Please check your configuration.
2018-04-09 16:45:38.563 [main] DEBUG org.mybatis.spring.SqlSessionFactoryBean - Property 'configuration' or 'configLocation' not specified, using default MyBatis Configuration
2018-04-09 16:45:38.821 [main] DEBUG org.mybatis.spring.SqlSessionFactoryBean - Scanned package: 'com.example.wx.model.*' for aliases
2018-04-09 16:45:39.206 [main] DEBUG org.mybatis.spring.SqlSessionFactoryBean - Parsed mapper file: 'file [E:\06MyWork\2018\micro-wx-server\target\classes\mapper\AppealMapper.xml]'
2018-04-09 16:45:39.257 [main] DEBUG org.mybatis.spring.SqlSessionFactoryBean - Parsed mapper file: 'file [E:\06MyWork\2018\micro-wx-server\target\classes\mapper\InAndOutSchoolMapper.xml]'
2018-04-09 16:45:39.310 [main] DEBUG org.mybatis.spring.SqlSessionFactoryBean - Parsed mapper file: 'file [E:\06MyWork\2018\micro-wx-server\target\classes\mapper\RechargeMapper.xml]'
2018-04-09 16:45:39.351 [main] DEBUG org.mybatis.spring.SqlSessionFactoryBean - Parsed mapper file: 'file [E:\06MyWork\2018\micro-wx-server\target\classes\mapper\SmsInfoMapper.xml]'
2018-04-09 16:45:39.419 [main] DEBUG org.mybatis.spring.SqlSessionFactoryBean - Parsed mapper file: 'file [E:\06MyWork\2018\micro-wx-server\target\classes\mapper\SpendMapper.xml]'
2018-04-09 16:45:39.528 [main] DEBUG org.mybatis.spring.SqlSessionFactoryBean - Parsed mapper file: 'file [E:\06MyWork\2018\micro-wx-server\target\classes\mapper\StudentMapper.xml]'
2018-04-09 16:45:39.570 [main] DEBUG org.mybatis.spring.SqlSessionFactoryBean - Parsed mapper file: 'file [E:\06MyWork\2018\micro-wx-server\target\classes\mapper\StudentRelationMapper.xml]'
2018-04-09 16:45:46.049 [main] INFO  com.example.wx.MicroWxServerApplication - Started MicroWxServerApplication in 17.592 seconds (JVM running for 19.146)
2018-04-09 17:27:40.138 [main] INFO  com.example.wx.MicroWxServerApplication - The following profiles are active: test
2018-04-09 17:27:42.259 [main] TRACE org.mybatis.spring.mapper.ClassPathMapperScanner - Scanning file [E:\06MyWork\2018\micro-wx-server\target\classes\com\example\wx\dao\AppealMapper.class]
2018-04-09 17:27:42.260 [main] DEBUG org.mybatis.spring.mapper.ClassPathMapperScanner - Identified candidate component class: file [E:\06MyWork\2018\micro-wx-server\target\classes\com\example\wx\dao\AppealMapper.class]
2018-04-09 17:27:42.261 [main] TRACE org.mybatis.spring.mapper.ClassPathMapperScanner - Scanning file [E:\06MyWork\2018\micro-wx-server\target\classes\com\example\wx\dao\InAndOutSchoolMapper.class]
2018-04-09 17:27:42.261 [main] DEBUG org.mybatis.spring.mapper.ClassPathMapperScanner - Identified candidate component class: file [E:\06MyWork\2018\micro-wx-server\target\classes\com\example\wx\dao\InAndOutSchoolMapper.class]
2018-04-09 17:27:42.261 [main] TRACE org.mybatis.spring.mapper.ClassPathMapperScanner - Scanning file [E:\06MyWork\2018\micro-wx-server\target\classes\com\example\wx\dao\RechargeMapper.class]
2018-04-09 17:27:42.262 [main] DEBUG org.mybatis.spring.mapper.ClassPathMapperScanner - Identified candidate component class: file [E:\06MyWork\2018\micro-wx-server\target\classes\com\example\wx\dao\RechargeMapper.class]
2018-04-09 17:27:42.262 [main] TRACE org.mybatis.spring.mapper.ClassPathMapperScanner - Scanning file [E:\06MyWork\2018\micro-wx-server\target\classes\com\example\wx\dao\SmsInfoMapper.class]
2018-04-09 17:27:42.262 [main] DEBUG org.mybatis.spring.mapper.ClassPathMapperScanner - Identified candidate component class: file [E:\06MyWork\2018\micro-wx-server\target\classes\com\example\wx\dao\SmsInfoMapper.class]
2018-04-09 17:27:42.262 [main] TRACE org.mybatis.spring.mapper.ClassPathMapperScanner - Scanning file [E:\06MyWork\2018\micro-wx-server\target\classes\com\example\wx\dao\SpendMapper.class]
2018-04-09 17:27:42.263 [main] DEBUG org.mybatis.spring.mapper.ClassPathMapperScanner - Identified candidate component class: file [E:\06MyWork\2018\micro-wx-server\target\classes\com\example\wx\dao\SpendMapper.class]
2018-04-09 17:27:42.263 [main] TRACE org.mybatis.spring.mapper.ClassPathMapperScanner - Scanning file [E:\06MyWork\2018\micro-wx-server\target\classes\com\example\wx\dao\StudentMapper.class]
2018-04-09 17:27:42.263 [main] DEBUG org.mybatis.spring.mapper.ClassPathMapperScanner - Identified candidate component class: file [E:\06MyWork\2018\micro-wx-server\target\classes\com\example\wx\dao\StudentMapper.class]
2018-04-09 17:27:42.264 [main] TRACE org.mybatis.spring.mapper.ClassPathMapperScanner - Scanning file [E:\06MyWork\2018\micro-wx-server\target\classes\com\example\wx\dao\StudentRelationMapper.class]
2018-04-09 17:27:42.264 [main] DEBUG org.mybatis.spring.mapper.ClassPathMapperScanner - Identified candidate component class: file [E:\06MyWork\2018\micro-wx-server\target\classes\com\example\wx\dao\StudentRelationMapper.class]
2018-04-09 17:27:42.265 [main] DEBUG org.mybatis.spring.mapper.ClassPathMapperScanner - Creating MapperFactoryBean with name 'appealMapper' and 'com.example.wx.dao.AppealMapper' mapperInterface
2018-04-09 17:27:42.265 [main] DEBUG org.mybatis.spring.mapper.ClassPathMapperScanner - Enabling autowire by type for MapperFactoryBean with name 'appealMapper'.
2018-04-09 17:27:42.265 [main] DEBUG org.mybatis.spring.mapper.ClassPathMapperScanner - Creating MapperFactoryBean with name 'inAndOutSchoolMapper' and 'com.example.wx.dao.InAndOutSchoolMapper' mapperInterface
2018-04-09 17:27:42.265 [main] DEBUG org.mybatis.spring.mapper.ClassPathMapperScanner - Enabling autowire by type for MapperFactoryBean with name 'inAndOutSchoolMapper'.
2018-04-09 17:27:42.265 [main] DEBUG org.mybatis.spring.mapper.ClassPathMapperScanner - Creating MapperFactoryBean with name 'rechargeMapper' and 'com.example.wx.dao.RechargeMapper' mapperInterface
2018-04-09 17:27:42.265 [main] DEBUG org.mybatis.spring.mapper.ClassPathMapperScanner - Enabling autowire by type for MapperFactoryBean with name 'rechargeMapper'.
2018-04-09 17:27:42.266 [main] DEBUG org.mybatis.spring.mapper.ClassPathMapperScanner - Creating MapperFactoryBean with name 'smsInfoMapper' and 'com.example.wx.dao.SmsInfoMapper' mapperInterface
2018-04-09 17:27:42.266 [main] DEBUG org.mybatis.spring.mapper.ClassPathMapperScanner - Enabling autowire by type for MapperFactoryBean with name 'smsInfoMapper'.
2018-04-09 17:27:42.266 [main] DEBUG org.mybatis.spring.mapper.ClassPathMapperScanner - Creating MapperFactoryBean with name 'spendMapper' and 'com.example.wx.dao.SpendMapper' mapperInterface
2018-04-09 17:27:42.266 [main] DEBUG org.mybatis.spring.mapper.ClassPathMapperScanner - Enabling autowire by type for MapperFactoryBean with name 'spendMapper'.
2018-04-09 17:27:42.266 [main] DEBUG org.mybatis.spring.mapper.ClassPathMapperScanner - Creating MapperFactoryBean with name 'studentMapper' and 'com.example.wx.dao.StudentMapper' mapperInterface
2018-04-09 17:27:42.266 [main] DEBUG org.mybatis.spring.mapper.ClassPathMapperScanner - Enabling autowire by type for MapperFactoryBean with name 'studentMapper'.
2018-04-09 17:27:42.266 [main] DEBUG org.mybatis.spring.mapper.ClassPathMapperScanner - Creating MapperFactoryBean with name 'studentRelationMapper' and 'com.example.wx.dao.StudentRelationMapper' mapperInterface
2018-04-09 17:27:42.266 [main] DEBUG org.mybatis.spring.mapper.ClassPathMapperScanner - Enabling autowire by type for MapperFactoryBean with name 'studentRelationMapper'.
2018-04-09 17:27:42.282 [main] INFO  c.e.wx.config.datasource.DynamicDataSourceRegister - Dynamic DataSource Registry
2018-04-09 17:27:42.791 [main] WARN  org.mybatis.spring.mapper.ClassPathMapperScanner - No MyBatis mapper was found in '[com.example.wx.mapper]' package. Please check your configuration.
2018-04-09 17:27:46.014 [main] DEBUG org.mybatis.spring.SqlSessionFactoryBean - Property 'configuration' or 'configLocation' not specified, using default MyBatis Configuration
2018-04-09 17:27:46.176 [main] DEBUG org.mybatis.spring.SqlSessionFactoryBean - Scanned package: 'com.example.wx.model.*' for aliases
2018-04-09 17:27:46.485 [main] DEBUG org.mybatis.spring.SqlSessionFactoryBean - Parsed mapper file: 'file [E:\06MyWork\2018\micro-wx-server\target\classes\mapper\AppealMapper.xml]'
2018-04-09 17:27:46.540 [main] DEBUG org.mybatis.spring.SqlSessionFactoryBean - Parsed mapper file: 'file [E:\06MyWork\2018\micro-wx-server\target\classes\mapper\InAndOutSchoolMapper.xml]'
2018-04-09 17:27:46.591 [main] DEBUG org.mybatis.spring.SqlSessionFactoryBean - Parsed mapper file: 'file [E:\06MyWork\2018\micro-wx-server\target\classes\mapper\RechargeMapper.xml]'
2018-04-09 17:27:46.632 [main] DEBUG org.mybatis.spring.SqlSessionFactoryBean - Parsed mapper file: 'file [E:\06MyWork\2018\micro-wx-server\target\classes\mapper\SmsInfoMapper.xml]'
2018-04-09 17:27:46.686 [main] DEBUG org.mybatis.spring.SqlSessionFactoryBean - Parsed mapper file: 'file [E:\06MyWork\2018\micro-wx-server\target\classes\mapper\SpendMapper.xml]'
2018-04-09 17:27:46.770 [main] DEBUG org.mybatis.spring.SqlSessionFactoryBean - Parsed mapper file: 'file [E:\06MyWork\2018\micro-wx-server\target\classes\mapper\StudentMapper.xml]'
2018-04-09 17:27:46.814 [main] DEBUG org.mybatis.spring.SqlSessionFactoryBean - Parsed mapper file: 'file [E:\06MyWork\2018\micro-wx-server\target\classes\mapper\StudentRelationMapper.xml]'
2018-04-09 17:27:53.489 [main] INFO  com.example.wx.MicroWxServerApplication - Started MicroWxServerApplication in 16.831 seconds (JVM running for 18.418)
2018-04-09 17:28:55.343 [main] INFO  com.example.wx.MicroWxServerApplication - The following profiles are active: test
2018-04-09 17:28:57.728 [main] TRACE org.mybatis.spring.mapper.ClassPathMapperScanner - Scanning file [E:\06MyWork\micro-wx-server\target\classes\com\example\wx\dao\AppealMapper.class]
2018-04-09 17:28:57.729 [main] DEBUG org.mybatis.spring.mapper.ClassPathMapperScanner - Identified candidate component class: file [E:\06MyWork\micro-wx-server\target\classes\com\example\wx\dao\AppealMapper.class]
2018-04-09 17:28:57.729 [main] TRACE org.mybatis.spring.mapper.ClassPathMapperScanner - Scanning file [E:\06MyWork\micro-wx-server\target\classes\com\example\wx\dao\InAndOutSchoolMapper.class]
2018-04-09 17:28:57.730 [main] DEBUG org.mybatis.spring.mapper.ClassPathMapperScanner - Identified candidate component class: file [E:\06MyWork\micro-wx-server\target\classes\com\example\wx\dao\InAndOutSchoolMapper.class]
2018-04-09 17:28:57.730 [main] TRACE org.mybatis.spring.mapper.ClassPathMapperScanner - Scanning file [E:\06MyWork\micro-wx-server\target\classes\com\example\wx\dao\RechargeMapper.class]
2018-04-09 17:28:57.730 [main] DEBUG org.mybatis.spring.mapper.ClassPathMapperScanner - Identified candidate component class: file [E:\06MyWork\micro-wx-server\target\classes\com\example\wx\dao\RechargeMapper.class]
2018-04-09 17:28:57.730 [main] TRACE org.mybatis.spring.mapper.ClassPathMapperScanner - Scanning file [E:\06MyWork\micro-wx-server\target\classes\com\example\wx\dao\SmsInfoMapper.class]
2018-04-09 17:28:57.731 [main] DEBUG org.mybatis.spring.mapper.ClassPathMapperScanner - Identified candidate component class: file [E:\06MyWork\micro-wx-server\target\classes\com\example\wx\dao\SmsInfoMapper.class]
2018-04-09 17:28:57.731 [main] TRACE org.mybatis.spring.mapper.ClassPathMapperScanner - Scanning file [E:\06MyWork\micro-wx-server\target\classes\com\example\wx\dao\SpendMapper.class]
2018-04-09 17:28:57.731 [main] DEBUG org.mybatis.spring.mapper.ClassPathMapperScanner - Identified candidate component class: file [E:\06MyWork\micro-wx-server\target\classes\com\example\wx\dao\SpendMapper.class]
2018-04-09 17:28:57.731 [main] TRACE org.mybatis.spring.mapper.ClassPathMapperScanner - Scanning file [E:\06MyWork\micro-wx-server\target\classes\com\example\wx\dao\StudentMapper.class]
2018-04-09 17:28:57.732 [main] DEBUG org.mybatis.spring.mapper.ClassPathMapperScanner - Identified candidate component class: file [E:\06MyWork\micro-wx-server\target\classes\com\example\wx\dao\StudentMapper.class]
2018-04-09 17:28:57.732 [main] TRACE org.mybatis.spring.mapper.ClassPathMapperScanner - Scanning file [E:\06MyWork\micro-wx-server\target\classes\com\example\wx\dao\StudentRelationMapper.class]
2018-04-09 17:28:57.733 [main] DEBUG org.mybatis.spring.mapper.ClassPathMapperScanner - Identified candidate component class: file [E:\06MyWork\micro-wx-server\target\classes\com\example\wx\dao\StudentRelationMapper.class]
2018-04-09 17:28:57.734 [main] DEBUG org.mybatis.spring.mapper.ClassPathMapperScanner - Creating MapperFactoryBean with name 'appealMapper' and 'com.example.wx.dao.AppealMapper' mapperInterface
2018-04-09 17:28:57.734 [main] DEBUG org.mybatis.spring.mapper.ClassPathMapperScanner - Enabling autowire by type for MapperFactoryBean with name 'appealMapper'.
2018-04-09 17:28:57.734 [main] DEBUG org.mybatis.spring.mapper.ClassPathMapperScanner - Creating MapperFactoryBean with name 'inAndOutSchoolMapper' and 'com.example.wx.dao.InAndOutSchoolMapper' mapperInterface
2018-04-09 17:28:57.734 [main] DEBUG org.mybatis.spring.mapper.ClassPathMapperScanner - Enabling autowire by type for MapperFactoryBean with name 'inAndOutSchoolMapper'.
2018-04-09 17:28:57.734 [main] DEBUG org.mybatis.spring.mapper.ClassPathMapperScanner - Creating MapperFactoryBean with name 'rechargeMapper' and 'com.example.wx.dao.RechargeMapper' mapperInterface
2018-04-09 17:28:57.734 [main] DEBUG org.mybatis.spring.mapper.ClassPathMapperScanner - Enabling autowire by type for MapperFactoryBean with name 'rechargeMapper'.
2018-04-09 17:28:57.734 [main] DEBUG org.mybatis.spring.mapper.ClassPathMapperScanner - Creating MapperFactoryBean with name 'smsInfoMapper' and 'com.example.wx.dao.SmsInfoMapper' mapperInterface
2018-04-09 17:28:57.735 [main] DEBUG org.mybatis.spring.mapper.ClassPathMapperScanner - Enabling autowire by type for MapperFactoryBean with name 'smsInfoMapper'.
2018-04-09 17:28:57.735 [main] DEBUG org.mybatis.spring.mapper.ClassPathMapperScanner - Creating MapperFactoryBean with name 'spendMapper' and 'com.example.wx.dao.SpendMapper' mapperInterface
2018-04-09 17:28:57.735 [main] DEBUG org.mybatis.spring.mapper.ClassPathMapperScanner - Enabling autowire by type for MapperFactoryBean with name 'spendMapper'.
2018-04-09 17:28:57.735 [main] DEBUG org.mybatis.spring.mapper.ClassPathMapperScanner - Creating MapperFactoryBean with name 'studentMapper' and 'com.example.wx.dao.StudentMapper' mapperInterface
2018-04-09 17:28:57.735 [main] DEBUG org.mybatis.spring.mapper.ClassPathMapperScanner - Enabling autowire by type for MapperFactoryBean with name 'studentMapper'.
2018-04-09 17:28:57.735 [main] DEBUG org.mybatis.spring.mapper.ClassPathMapperScanner - Creating MapperFactoryBean with name 'studentRelationMapper' and 'com.example.wx.dao.StudentRelationMapper' mapperInterface
2018-04-09 17:28:57.735 [main] DEBUG org.mybatis.spring.mapper.ClassPathMapperScanner - Enabling autowire by type for MapperFactoryBean with name 'studentRelationMapper'.
2018-04-09 17:28:57.747 [main] INFO  c.e.wx.config.datasource.DynamicDataSourceRegister - Dynamic DataSource Registry
2018-04-09 17:28:58.155 [main] WARN  org.mybatis.spring.mapper.ClassPathMapperScanner - No MyBatis mapper was found in '[com.example.wx.mapper]' package. Please check your configuration.
2018-04-09 17:29:01.590 [main] DEBUG org.mybatis.spring.SqlSessionFactoryBean - Property 'configuration' or 'configLocation' not specified, using default MyBatis Configuration
2018-04-09 17:29:01.757 [main] DEBUG org.mybatis.spring.SqlSessionFactoryBean - Scanned package: 'com.example.wx.model.*' for aliases
2018-04-09 17:29:02.092 [main] DEBUG org.mybatis.spring.SqlSessionFactoryBean - Parsed mapper file: 'file [E:\06MyWork\micro-wx-server\target\classes\mapper\AppealMapper.xml]'
2018-04-09 17:29:02.145 [main] DEBUG org.mybatis.spring.SqlSessionFactoryBean - Parsed mapper file: 'file [E:\06MyWork\micro-wx-server\target\classes\mapper\InAndOutSchoolMapper.xml]'
2018-04-09 17:29:02.213 [main] DEBUG org.mybatis.spring.SqlSessionFactoryBean - Parsed mapper file: 'file [E:\06MyWork\micro-wx-server\target\classes\mapper\RechargeMapper.xml]'
2018-04-09 17:29:02.278 [main] DEBUG org.mybatis.spring.SqlSessionFactoryBean - Parsed mapper file: 'file [E:\06MyWork\micro-wx-server\target\classes\mapper\SmsInfoMapper.xml]'
2018-04-09 17:29:02.320 [main] DEBUG org.mybatis.spring.SqlSessionFactoryBean - Parsed mapper file: 'file [E:\06MyWork\micro-wx-server\target\classes\mapper\SpendMapper.xml]'
2018-04-09 17:29:02.400 [main] DEBUG org.mybatis.spring.SqlSessionFactoryBean - Parsed mapper file: 'file [E:\06MyWork\micro-wx-server\target\classes\mapper\StudentMapper.xml]'
2018-04-09 17:29:02.443 [main] DEBUG org.mybatis.spring.SqlSessionFactoryBean - Parsed mapper file: 'file [E:\06MyWork\micro-wx-server\target\classes\mapper\StudentRelationMapper.xml]'
2018-04-09 17:30:06.764 [main] INFO  com.example.wx.MicroWxServerApplication - The following profiles are active: test
2018-04-09 17:30:09.231 [main] TRACE org.mybatis.spring.mapper.ClassPathMapperScanner - Scanning file [E:\06MyWork\micro-wx-server\target\classes\com\example\wx\dao\AppealMapper.class]
2018-04-09 17:30:09.232 [main] DEBUG org.mybatis.spring.mapper.ClassPathMapperScanner - Identified candidate component class: file [E:\06MyWork\micro-wx-server\target\classes\com\example\wx\dao\AppealMapper.class]
2018-04-09 17:30:09.232 [main] TRACE org.mybatis.spring.mapper.ClassPathMapperScanner - Scanning file [E:\06MyWork\micro-wx-server\target\classes\com\example\wx\dao\InAndOutSchoolMapper.class]
2018-04-09 17:30:09.232 [main] DEBUG org.mybatis.spring.mapper.ClassPathMapperScanner - Identified candidate component class: file [E:\06MyWork\micro-wx-server\target\classes\com\example\wx\dao\InAndOutSchoolMapper.class]
2018-04-09 17:30:09.233 [main] TRACE org.mybatis.spring.mapper.ClassPathMapperScanner - Scanning file [E:\06MyWork\micro-wx-server\target\classes\com\example\wx\dao\RechargeMapper.class]
2018-04-09 17:30:09.233 [main] DEBUG org.mybatis.spring.mapper.ClassPathMapperScanner - Identified candidate component class: file [E:\06MyWork\micro-wx-server\target\classes\com\example\wx\dao\RechargeMapper.class]
2018-04-09 17:30:09.233 [main] TRACE org.mybatis.spring.mapper.ClassPathMapperScanner - Scanning file [E:\06MyWork\micro-wx-server\target\classes\com\example\wx\dao\SmsInfoMapper.class]
2018-04-09 17:30:09.234 [main] DEBUG org.mybatis.spring.mapper.ClassPathMapperScanner - Identified candidate component class: file [E:\06MyWork\micro-wx-server\target\classes\com\example\wx\dao\SmsInfoMapper.class]
2018-04-09 17:30:09.234 [main] TRACE org.mybatis.spring.mapper.ClassPathMapperScanner - Scanning file [E:\06MyWork\micro-wx-server\target\classes\com\example\wx\dao\SpendMapper.class]
2018-04-09 17:30:09.235 [main] DEBUG org.mybatis.spring.mapper.ClassPathMapperScanner - Identified candidate component class: file [E:\06MyWork\micro-wx-server\target\classes\com\example\wx\dao\SpendMapper.class]
2018-04-09 17:30:09.235 [main] TRACE org.mybatis.spring.mapper.ClassPathMapperScanner - Scanning file [E:\06MyWork\micro-wx-server\target\classes\com\example\wx\dao\StudentMapper.class]
2018-04-09 17:30:09.235 [main] DEBUG org.mybatis.spring.mapper.ClassPathMapperScanner - Identified candidate component class: file [E:\06MyWork\micro-wx-server\target\classes\com\example\wx\dao\StudentMapper.class]
2018-04-09 17:30:09.235 [main] TRACE org.mybatis.spring.mapper.ClassPathMapperScanner - Scanning file [E:\06MyWork\micro-wx-server\target\classes\com\example\wx\dao\StudentRelationMapper.class]
2018-04-09 17:30:09.237 [main] DEBUG org.mybatis.spring.mapper.ClassPathMapperScanner - Identified candidate component class: file [E:\06MyWork\micro-wx-server\target\classes\com\example\wx\dao\StudentRelationMapper.class]
2018-04-09 17:30:09.237 [main] DEBUG org.mybatis.spring.mapper.ClassPathMapperScanner - Creating MapperFactoryBean with name 'appealMapper' and 'com.example.wx.dao.AppealMapper' mapperInterface
2018-04-09 17:30:09.238 [main] DEBUG org.mybatis.spring.mapper.ClassPathMapperScanner - Enabling autowire by type for MapperFactoryBean with name 'appealMapper'.
2018-04-09 17:30:09.238 [main] DEBUG org.mybatis.spring.mapper.ClassPathMapperScanner - Creating MapperFactoryBean with name 'inAndOutSchoolMapper' and 'com.example.wx.dao.InAndOutSchoolMapper' mapperInterface
2018-04-09 17:30:09.238 [main] DEBUG org.mybatis.spring.mapper.ClassPathMapperScanner - Enabling autowire by type for MapperFactoryBean with name 'inAndOutSchoolMapper'.
2018-04-09 17:30:09.238 [main] DEBUG org.mybatis.spring.mapper.ClassPathMapperScanner - Creating MapperFactoryBean with name 'rechargeMapper' and 'com.example.wx.dao.RechargeMapper' mapperInterface
2018-04-09 17:30:09.238 [main] DEBUG org.mybatis.spring.mapper.ClassPathMapperScanner - Enabling autowire by type for MapperFactoryBean with name 'rechargeMapper'.
2018-04-09 17:30:09.238 [main] DEBUG org.mybatis.spring.mapper.ClassPathMapperScanner - Creating MapperFactoryBean with name 'smsInfoMapper' and 'com.example.wx.dao.SmsInfoMapper' mapperInterface
2018-04-09 17:30:09.238 [main] DEBUG org.mybatis.spring.mapper.ClassPathMapperScanner - Enabling autowire by type for MapperFactoryBean with name 'smsInfoMapper'.
2018-04-09 17:30:09.238 [main] DEBUG org.mybatis.spring.mapper.ClassPathMapperScanner - Creating MapperFactoryBean with name 'spendMapper' and 'com.example.wx.dao.SpendMapper' mapperInterface
2018-04-09 17:30:09.238 [main] DEBUG org.mybatis.spring.mapper.ClassPathMapperScanner - Enabling autowire by type for MapperFactoryBean with name 'spendMapper'.
2018-04-09 17:30:09.241 [main] DEBUG org.mybatis.spring.mapper.ClassPathMapperScanner - Creating MapperFactoryBean with name 'studentMapper' and 'com.example.wx.dao.StudentMapper' mapperInterface
2018-04-09 17:30:09.241 [main] DEBUG org.mybatis.spring.mapper.ClassPathMapperScanner - Enabling autowire by type for MapperFactoryBean with name 'studentMapper'.
2018-04-09 17:30:09.241 [main] DEBUG org.mybatis.spring.mapper.ClassPathMapperScanner - Creating MapperFactoryBean with name 'studentRelationMapper' and 'com.example.wx.dao.StudentRelationMapper' mapperInterface
2018-04-09 17:30:09.242 [main] DEBUG org.mybatis.spring.mapper.ClassPathMapperScanner - Enabling autowire by type for MapperFactoryBean with name 'studentRelationMapper'.
2018-04-09 17:30:09.258 [main] INFO  c.e.wx.config.datasource.DynamicDataSourceRegister - Dynamic DataSource Registry
2018-04-09 17:30:09.851 [main] WARN  org.mybatis.spring.mapper.ClassPathMapperScanner - No MyBatis mapper was found in '[com.example.wx.mapper]' package. Please check your configuration.
2018-04-09 17:30:13.310 [main] DEBUG org.mybatis.spring.SqlSessionFactoryBean - Property 'configuration' or 'configLocation' not specified, using default MyBatis Configuration
2018-04-09 17:30:13.451 [main] DEBUG org.mybatis.spring.SqlSessionFactoryBean - Scanned package: 'com.example.wx.model.*' for aliases
2018-04-09 17:30:13.667 [main] DEBUG org.mybatis.spring.SqlSessionFactoryBean - Parsed mapper file: 'file [E:\06MyWork\micro-wx-server\target\classes\mapper\AppealMapper.xml]'
2018-04-09 17:30:13.717 [main] DEBUG org.mybatis.spring.SqlSessionFactoryBean - Parsed mapper file: 'file [E:\06MyWork\micro-wx-server\target\classes\mapper\InAndOutSchoolMapper.xml]'
2018-04-09 17:30:13.765 [main] DEBUG org.mybatis.spring.SqlSessionFactoryBean - Parsed mapper file: 'file [E:\06MyWork\micro-wx-server\target\classes\mapper\RechargeMapper.xml]'
2018-04-09 17:30:13.826 [main] DEBUG org.mybatis.spring.SqlSessionFactoryBean - Parsed mapper file: 'file [E:\06MyWork\micro-wx-server\target\classes\mapper\SmsInfoMapper.xml]'
2018-04-09 17:30:13.905 [main] DEBUG org.mybatis.spring.SqlSessionFactoryBean - Parsed mapper file: 'file [E:\06MyWork\micro-wx-server\target\classes\mapper\SpendMapper.xml]'
2018-04-09 17:30:13.988 [main] DEBUG org.mybatis.spring.SqlSessionFactoryBean - Parsed mapper file: 'file [E:\06MyWork\micro-wx-server\target\classes\mapper\StudentMapper.xml]'
2018-04-09 17:30:14.024 [main] DEBUG org.mybatis.spring.SqlSessionFactoryBean - Parsed mapper file: 'file [E:\06MyWork\micro-wx-server\target\classes\mapper\StudentRelationMapper.xml]'
2018-04-09 17:30:20.173 [main] INFO  com.example.wx.MicroWxServerApplication - Started MicroWxServerApplication in 16.836 seconds (JVM running for 18.312)
